{"C:\\Users\\software engineer\\Desktop\\ImmFly\\ImmFly\\app\\common\\index.ts": {"path":"C:\\Users\\software engineer\\Desktop\\ImmFly\\ImmFly\\app\\common\\index.ts","statementMap":{"0":{"start":{"line":1,"column":0},"end":{"line":1,"column":26}},"1":{"start":{"line":3,"column":0},"end":{"line":3,"column":49}},"2":{"start":{"line":4,"column":0},"end":{"line":4,"column":49}},"3":{"start":{"line":12,"column":26},"end":{"line":40,"column":1}},"4":{"start":{"line":13,"column":2},"end":{"line":39,"column":4}},"5":{"start":{"line":18,"column":4},"end":{"line":38,"column":9}},"6":{"start":{"line":20,"column":8},"end":{"line":22,"column":10}},"7":{"start":{"line":25,"column":8},"end":{"line":32,"column":null}},"8":{"start":{"line":26,"column":27},"end":{"line":26,"column":42}},"9":{"start":{"line":27,"column":10},"end":{"line":27,"column":52}},"10":{"start":{"line":28,"column":15},"end":{"line":32,"column":null}},"11":{"start":{"line":29,"column":10},"end":{"line":31,"column":13}},"12":{"start":{"line":33,"column":8},"end":{"line":37,"column":11}},"13":{"start":{"line":12,"column":13},"end":{"line":12,"column":26}}},"fnMap":{"0":{"name":"(anonymous_1)","decl":{"start":{"line":12,"column":26},"end":{"line":12,"column":30}},"loc":{"start":{"line":12,"column":50},"end":{"line":40,"column":1}}},"1":{"name":"(anonymous_2)","decl":{"start":{"line":13,"column":9},"end":{"line":13,"column":null}},"loc":{"start":{"line":16,"column":22},"end":{"line":39,"column":3}}},"2":{"name":"(anonymous_3)","decl":{"start":{"line":19,"column":12},"end":{"line":19,"column":13}},"loc":{"start":{"line":19,"column":17},"end":{"line":23,"column":7}}},"3":{"name":"(anonymous_4)","decl":{"start":{"line":24,"column":13},"end":{"line":24,"column":14}},"loc":{"start":{"line":24,"column":19},"end":{"line":38,"column":7}}}},"branchMap":{"0":{"loc":{"start":{"line":25,"column":8},"end":{"line":32,"column":null}},"type":"if","locations":[{"start":{"line":25,"column":8},"end":{"line":32,"column":null}},{"start":{"line":28,"column":15},"end":{"line":32,"column":null}}]},"1":{"loc":{"start":{"line":25,"column":12},"end":{"line":25,"column":64}},"type":"binary-expr","locations":[{"start":{"line":25,"column":12},"end":{"line":25,"column":37}},{"start":{"line":25,"column":41},"end":{"line":25,"column":62}}]},"2":{"loc":{"start":{"line":25,"column":41},"end":{"line":25,"column":62}},"type":"cond-expr","locations":[{"start":{"line":25,"column":56},"end":{"line":25,"column":58}},{"start":{"line":25,"column":56},"end":{"line":25,"column":62}}]},"3":{"loc":{"start":{"line":25,"column":41},"end":{"line":25,"column":58}},"type":"binary-expr","locations":[{"start":{"line":25,"column":41},"end":{"line":25,"column":58}},{"start":{"line":25,"column":56},"end":{"line":25,"column":58}}]},"4":{"loc":{"start":{"line":25,"column":41},"end":{"line":25,"column":56}},"type":"cond-expr","locations":[{"start":{"line":25,"column":46},"end":{"line":25,"column":48}},{"start":{"line":25,"column":41},"end":{"line":25,"column":56}}]},"5":{"loc":{"start":{"line":25,"column":41},"end":{"line":25,"column":48}},"type":"binary-expr","locations":[{"start":{"line":25,"column":41},"end":{"line":25,"column":48}},{"start":{"line":25,"column":41},"end":{"line":25,"column":48}}]},"6":{"loc":{"start":{"line":28,"column":15},"end":{"line":32,"column":null}},"type":"if","locations":[{"start":{"line":28,"column":15},"end":{"line":32,"column":null}}]}},"s":{"0":1,"1":1,"2":1,"3":1,"4":3,"5":3,"6":3,"7":0,"8":0,"9":0,"10":0,"11":0,"12":0,"13":1},"f":{"0":3,"1":3,"2":3,"3":0},"b":{"0":[0,0],"1":[0,0],"2":[0,0],"3":[0,0],"4":[0,0],"5":[0,0],"6":[0]}}
,"C:\\Users\\software engineer\\Desktop\\ImmFly\\ImmFly\\app\\common\\routes.ts": {"path":"C:\\Users\\software engineer\\Desktop\\ImmFly\\ImmFly\\app\\common\\routes.ts","statementMap":{"0":{"start":{"line":1,"column":0},"end":{"line":1,"column":46}},"1":{"start":{"line":3,"column":0},"end":{"line":3,"column":22}},"2":{"start":{"line":9,"column":4},"end":{"line":9,"column":21}},"3":{"start":{"line":10,"column":4},"end":{"line":10,"column":27}},"4":{"start":{"line":11,"column":4},"end":{"line":11,"column":27}},"5":{"start":{"line":12,"column":4},"end":{"line":12,"column":32}},"6":{"start":{"line":14,"column":2},"end":{"line":16,"column":null}},"7":{"start":{"line":15,"column":4},"end":{"line":15,"column":21}},"8":{"start":{"line":19,"column":0},"end":{"line":19,"column":null}},"9":{"start":{"line":3,"column":22},"end":{"line":3,"column":40}}},"fnMap":{"0":{"name":"(anonymous_0)","decl":{"start":{"line":3,"column":0},"end":{"line":3,"column":22}},"loc":{"start":{"line":3,"column":0},"end":{"line":19,"column":null}}},"1":{"name":"CommonRoutesConfig","decl":{"start":{"line":8,"column":2},"end":{"line":8,"column":14}},"loc":{"start":{"line":8,"column":59},"end":{"line":13,"column":3}}},"2":{"name":"(anonymous_2)","decl":{"start":{"line":14,"column":2},"end":{"line":14,"column":9}},"loc":{"start":{"line":14,"column":2},"end":{"line":16,"column":3}}}},"branchMap":{},"s":{"0":1,"1":1,"2":3,"3":3,"4":3,"5":3,"6":1,"7":0,"8":1,"9":1},"f":{"0":1,"1":3,"2":0},"b":{}}
,"C:\\Users\\software engineer\\Desktop\\ImmFly\\ImmFly\\app\\config\\express.ts": {"path":"C:\\Users\\software engineer\\Desktop\\ImmFly\\ImmFly\\app\\config\\express.ts","statementMap":{"0":{"start":{"line":1,"column":0},"end":{"line":1,"column":43}},"1":{"start":{"line":2,"column":0},"end":{"line":2,"column":24}},"2":{"start":{"line":4,"column":25},"end":{"line":12,"column":1}},"3":{"start":{"line":6,"column":14},"end":{"line":6,"column":23}},"4":{"start":{"line":7,"column":2},"end":{"line":7,"column":26}},"5":{"start":{"line":8,"column":2},"end":{"line":8,"column":50}},"6":{"start":{"line":9,"column":2},"end":{"line":9,"column":18}},"7":{"start":{"line":10,"column":2},"end":{"line":10,"column":13}},"8":{"start":{"line":14,"column":0},"end":{"line":14,"column":32}}},"fnMap":{"0":{"name":"(anonymous_1)","decl":{"start":{"line":4,"column":25},"end":{"line":4,"column":null}},"loc":{"start":{"line":4,"column":25},"end":{"line":12,"column":1}}}},"branchMap":{},"s":{"0":1,"1":1,"2":1,"3":1,"4":1,"5":1,"6":1,"7":1,"8":1},"f":{"0":1},"b":{}}
,"C:\\Users\\software engineer\\Desktop\\ImmFly\\ImmFly\\app\\config\\index.ts": {"path":"C:\\Users\\software engineer\\Desktop\\ImmFly\\ImmFly\\app\\config\\index.ts","statementMap":{"0":{"start":{"line":1,"column":0},"end":{"line":1,"column":7}},"1":{"start":{"line":4,"column":9},"end":{"line":1,"column":41}},"2":{"start":{"line":2,"column":0},"end":{"line":2,"column":7}},"3":{"start":{"line":4,"column":27},"end":{"line":2,"column":39}}},"fnMap":{},"branchMap":{},"s":{"0":1,"1":1,"2":1,"3":1},"f":{},"b":{}}
,"C:\\Users\\software engineer\\Desktop\\ImmFly\\ImmFly\\app\\config\\routes.ts": {"path":"C:\\Users\\software engineer\\Desktop\\ImmFly\\ImmFly\\app\\config\\routes.ts","statementMap":{"0":{"start":{"line":2,"column":0},"end":{"line":2,"column":64}},"1":{"start":{"line":3,"column":0},"end":{"line":3,"column":60}},"2":{"start":{"line":4,"column":0},"end":{"line":4,"column":54}},"3":{"start":{"line":6,"column":24},"end":{"line":14,"column":1}},"4":{"start":{"line":10,"column":2},"end":{"line":10,"column":32}},"5":{"start":{"line":11,"column":2},"end":{"line":11,"column":28}},"6":{"start":{"line":12,"column":2},"end":{"line":12,"column":24}},"7":{"start":{"line":15,"column":0},"end":{"line":15,"column":31}}},"fnMap":{"0":{"name":"(anonymous_0)","decl":{"start":{"line":6,"column":24},"end":{"line":6,"column":25}},"loc":{"start":{"line":6,"column":41},"end":{"line":14,"column":1}}}},"branchMap":{},"s":{"0":1,"1":1,"2":1,"3":1,"4":1,"5":1,"6":1,"7":1},"f":{"0":1},"b":{}}
,"C:\\Users\\software engineer\\Desktop\\ImmFly\\ImmFly\\app\\constants\\index.ts": {"path":"C:\\Users\\software engineer\\Desktop\\ImmFly\\ImmFly\\app\\constants\\index.ts","statementMap":{"0":{"start":{"line":1,"column":13},"end":{"line":1,"column":85}}},"fnMap":{},"branchMap":{},"s":{"0":1},"f":{},"b":{}}
,"C:\\Users\\software engineer\\Desktop\\ImmFly\\ImmFly\\app\\controller\\append\\append.controller.ts": {"path":"C:\\Users\\software engineer\\Desktop\\ImmFly\\ImmFly\\app\\controller\\append\\append.controller.ts","statementMap":{"0":{"start":{"line":2,"column":0},"end":{"line":2,"column":42}},"1":{"start":{"line":3,"column":0},"end":{"line":3,"column":51}},"2":{"start":{"line":5,"column":0},"end":{"line":5,"column":null}},"3":{"start":{"line":6,"column":2},"end":{"line":13,"column":5}},"4":{"start":{"line":7,"column":59},"end":{"line":13,"column":4}},"5":{"start":{"line":9,"column":8},"end":{"line":9,"column":42}},"6":{"start":{"line":10,"column":8},"end":{"line":10,"column":38}},"7":{"start":{"line":11,"column":15},"end":{"line":11,"column":null}},"8":{"start":{"line":11,"column":8},"end":{"line":11,"column":null}},"9":{"start":{"line":12,"column":4},"end":{"line":12,"column":16}},"10":{"start":{"line":14,"column":0},"end":{"line":14,"column":null}},"11":{"start":{"line":15,"column":0},"end":{"line":15,"column":43}}},"fnMap":{"0":{"name":"(anonymous_14)","decl":{"start":{"line":5,"column":0},"end":{"line":5,"column":null}},"loc":{"start":{"line":5,"column":0},"end":{"line":14,"column":null}}},"1":{"name":"(anonymous_16)","decl":{"start":{"line":7,"column":26},"end":{"line":7,"column":33}},"loc":{"start":{"line":7,"column":59},"end":{"line":13,"column":4}}},"2":{"name":"(anonymous_17)","decl":{"start":{"line":7,"column":59},"end":{"line":7,"column":null}},"loc":{"start":{"line":7,"column":59},"end":{"line":13,"column":4}}}},"branchMap":{},"s":{"0":1,"1":1,"2":2,"3":1,"4":1,"5":1,"6":1,"7":1,"8":1,"9":1,"10":1,"11":1},"f":{"0":2,"1":1,"2":1},"b":{}}
,"C:\\Users\\software engineer\\Desktop\\ImmFly\\ImmFly\\app\\controller\\country\\country.controller.ts": {"path":"C:\\Users\\software engineer\\Desktop\\ImmFly\\ImmFly\\app\\controller\\country\\country.controller.ts","statementMap":{"0":{"start":{"line":2,"column":0},"end":{"line":2,"column":42}},"1":{"start":{"line":3,"column":0},"end":{"line":3,"column":51}},"2":{"start":{"line":6,"column":0},"end":{"line":6,"column":null}},"3":{"start":{"line":7,"column":2},"end":{"line":16,"column":5}},"4":{"start":{"line":8,"column":69},"end":{"line":16,"column":4}},"5":{"start":{"line":10,"column":8},"end":{"line":10,"column":44}},"6":{"start":{"line":11,"column":8},"end":{"line":11,"column":43}},"7":{"start":{"line":13,"column":15},"end":{"line":13,"column":null}},"8":{"start":{"line":13,"column":8},"end":{"line":13,"column":null}},"9":{"start":{"line":14,"column":4},"end":{"line":14,"column":16}},"10":{"start":{"line":17,"column":0},"end":{"line":17,"column":null}},"11":{"start":{"line":18,"column":0},"end":{"line":18,"column":35}}},"fnMap":{"0":{"name":"(anonymous_14)","decl":{"start":{"line":6,"column":0},"end":{"line":6,"column":null}},"loc":{"start":{"line":6,"column":0},"end":{"line":17,"column":null}}},"1":{"name":"(anonymous_16)","decl":{"start":{"line":8,"column":36},"end":{"line":8,"column":43}},"loc":{"start":{"line":8,"column":69},"end":{"line":16,"column":4}}},"2":{"name":"(anonymous_17)","decl":{"start":{"line":8,"column":69},"end":{"line":8,"column":null}},"loc":{"start":{"line":8,"column":69},"end":{"line":16,"column":4}}}},"branchMap":{},"s":{"0":1,"1":1,"2":2,"3":1,"4":1,"5":1,"6":1,"7":1,"8":1,"9":1,"10":1,"11":1},"f":{"0":2,"1":1,"2":1},"b":{}}
,"C:\\Users\\software engineer\\Desktop\\ImmFly\\ImmFly\\app\\controller\\reverse\\reverse.controller.ts": {"path":"C:\\Users\\software engineer\\Desktop\\ImmFly\\ImmFly\\app\\controller\\reverse\\reverse.controller.ts","statementMap":{"0":{"start":{"line":2,"column":0},"end":{"line":2,"column":42}},"1":{"start":{"line":3,"column":0},"end":{"line":3,"column":51}},"2":{"start":{"line":6,"column":0},"end":{"line":6,"column":null}},"3":{"start":{"line":7,"column":2},"end":{"line":14,"column":5}},"4":{"start":{"line":8,"column":64},"end":{"line":14,"column":4}},"5":{"start":{"line":10,"column":8},"end":{"line":10,"column":41}},"6":{"start":{"line":11,"column":15},"end":{"line":11,"column":null}},"7":{"start":{"line":11,"column":8},"end":{"line":11,"column":null}},"8":{"start":{"line":13,"column":4},"end":{"line":13,"column":16}},"9":{"start":{"line":15,"column":0},"end":{"line":15,"column":null}},"10":{"start":{"line":16,"column":0},"end":{"line":16,"column":42}}},"fnMap":{"0":{"name":"(anonymous_14)","decl":{"start":{"line":6,"column":0},"end":{"line":6,"column":null}},"loc":{"start":{"line":6,"column":0},"end":{"line":15,"column":null}}},"1":{"name":"(anonymous_16)","decl":{"start":{"line":8,"column":31},"end":{"line":8,"column":38}},"loc":{"start":{"line":8,"column":64},"end":{"line":14,"column":4}}},"2":{"name":"(anonymous_17)","decl":{"start":{"line":8,"column":64},"end":{"line":8,"column":null}},"loc":{"start":{"line":8,"column":64},"end":{"line":14,"column":4}}}},"branchMap":{},"s":{"0":1,"1":1,"2":2,"3":1,"4":1,"5":1,"6":1,"7":1,"8":1,"9":1,"10":1},"f":{"0":2,"1":1,"2":1},"b":{}}
,"C:\\Users\\software engineer\\Desktop\\ImmFly\\ImmFly\\app\\errors\\base.error.ts": {"path":"C:\\Users\\software engineer\\Desktop\\ImmFly\\ImmFly\\app\\errors\\base.error.ts","statementMap":{"0":{"start":{"line":3,"column":0},"end":{"line":3,"column":null}},"1":{"start":{"line":3,"column":31},"end":{"line":3,"column":36}},"2":{"start":{"line":6,"column":4},"end":{"line":6,"column":null}},"3":{"start":{"line":7,"column":4},"end":{"line":7,"column":54}},"4":{"start":{"line":8,"column":4},"end":{"line":8,"column":29}},"5":{"start":{"line":9,"column":4},"end":{"line":9,"column":34}},"6":{"start":{"line":11,"column":0},"end":{"line":11,"column":null}},"7":{"start":{"line":3,"column":13},"end":{"line":3,"column":22}}},"fnMap":{"0":{"name":"(anonymous_6)","decl":{"start":{"line":3,"column":0},"end":{"line":3,"column":13}},"loc":{"start":{"line":3,"column":0},"end":{"line":11,"column":null}}},"1":{"name":"BaseError","decl":{"start":{"line":5,"column":2},"end":{"line":5,"column":14}},"loc":{"start":{"line":5,"column":59},"end":{"line":10,"column":3}}}},"branchMap":{"0":{"loc":{"start":{"line":6,"column":4},"end":{"line":6,"column":null}},"type":"binary-expr","locations":[{"start":{"line":6,"column":4},"end":{"line":6,"column":22}},{"start":{"line":6,"column":22},"end":{"line":6,"column":null}}]}},"s":{"0":1,"1":1,"2":0,"3":0,"4":0,"5":0,"6":1,"7":1},"f":{"0":1,"1":0},"b":{"0":[0,0]}}
,"C:\\Users\\software engineer\\Desktop\\ImmFly\\ImmFly\\app\\errors\\codes.ts": {"path":"C:\\Users\\software engineer\\Desktop\\ImmFly\\ImmFly\\app\\errors\\codes.ts","statementMap":{"0":{"start":{"line":1,"column":0},"end":{"line":1,"column":null}},"1":{"start":{"line":2,"column":2},"end":{"line":2,"column":null}},"2":{"start":{"line":3,"column":2},"end":{"line":3,"column":null}},"3":{"start":{"line":4,"column":2},"end":{"line":4,"column":null}},"4":{"start":{"line":5,"column":2},"end":{"line":5,"column":null}},"5":{"start":{"line":6,"column":2},"end":{"line":6,"column":null}},"6":{"start":{"line":7,"column":2},"end":{"line":7,"column":null}}},"fnMap":{"0":{"name":"(anonymous_0)","decl":{"start":{"line":1,"column":0},"end":{"line":1,"column":12}},"loc":{"start":{"line":1,"column":26},"end":{"line":8,"column":1}}}},"branchMap":{"0":{"loc":{"start":{"line":1,"column":12},"end":{"line":1,"column":null}},"type":"binary-expr","locations":[{"start":{"line":1,"column":12},"end":{"line":1,"column":26}},{"start":{"line":1,"column":12},"end":{"line":1,"column":null}}]}},"s":{"0":1,"1":1,"2":1,"3":1,"4":1,"5":1,"6":1},"f":{"0":1},"b":{"0":[1,1]}}
,"C:\\Users\\software engineer\\Desktop\\ImmFly\\ImmFly\\app\\routes\\append\\routes.ts": {"path":"C:\\Users\\software engineer\\Desktop\\ImmFly\\ImmFly\\app\\routes\\append\\routes.ts","statementMap":{"0":{"start":{"line":1,"column":0},"end":{"line":1,"column":78}},"1":{"start":{"line":3,"column":0},"end":{"line":3,"column":57}},"2":{"start":{"line":5,"column":30},"end":{"line":5,"column":52}},"3":{"start":{"line":7,"column":0},"end":{"line":7,"column":null}},"4":{"start":{"line":7,"column":34},"end":{"line":7,"column":52}},"5":{"start":{"line":9,"column":4},"end":{"line":9,"column":null}},"6":{"start":{"line":12,"column":2},"end":{"line":14,"column":null}},"7":{"start":{"line":13,"column":4},"end":{"line":13,"column":44}},"8":{"start":{"line":15,"column":0},"end":{"line":15,"column":null}},"9":{"start":{"line":7,"column":13},"end":{"line":7,"column":25}}},"fnMap":{"0":{"name":"(anonymous_7)","decl":{"start":{"line":7,"column":0},"end":{"line":7,"column":13}},"loc":{"start":{"line":7,"column":0},"end":{"line":15,"column":null}}},"1":{"name":"AppendRoutes","decl":{"start":{"line":8,"column":2},"end":{"line":8,"column":14}},"loc":{"start":{"line":8,"column":30},"end":{"line":10,"column":3}}},"2":{"name":"(anonymous_9)","decl":{"start":{"line":12,"column":2},"end":{"line":12,"column":17}},"loc":{"start":{"line":12,"column":2},"end":{"line":14,"column":3}}}},"branchMap":{"0":{"loc":{"start":{"line":9,"column":4},"end":{"line":9,"column":null}},"type":"binary-expr","locations":[{"start":{"line":9,"column":4},"end":{"line":9,"column":41}},{"start":{"line":9,"column":41},"end":{"line":9,"column":null}}]}},"s":{"0":1,"1":1,"2":1,"3":1,"4":1,"5":1,"6":1,"7":1,"8":1,"9":1},"f":{"0":1,"1":1,"2":1},"b":{"0":[1,1]}}
,"C:\\Users\\software engineer\\Desktop\\ImmFly\\ImmFly\\app\\routes\\country\\routes.ts": {"path":"C:\\Users\\software engineer\\Desktop\\ImmFly\\ImmFly\\app\\routes\\country\\routes.ts","statementMap":{"0":{"start":{"line":1,"column":0},"end":{"line":1,"column":72}},"1":{"start":{"line":3,"column":0},"end":{"line":3,"column":57}},"2":{"start":{"line":5,"column":20},"end":{"line":5,"column":34}},"3":{"start":{"line":7,"column":0},"end":{"line":7,"column":null}},"4":{"start":{"line":7,"column":42},"end":{"line":7,"column":60}},"5":{"start":{"line":9,"column":4},"end":{"line":9,"column":null}},"6":{"start":{"line":12,"column":2},"end":{"line":14,"column":null}},"7":{"start":{"line":13,"column":4},"end":{"line":13,"column":34}},"8":{"start":{"line":16,"column":0},"end":{"line":16,"column":null}},"9":{"start":{"line":7,"column":13},"end":{"line":7,"column":33}}},"fnMap":{"0":{"name":"(anonymous_7)","decl":{"start":{"line":7,"column":0},"end":{"line":7,"column":13}},"loc":{"start":{"line":7,"column":0},"end":{"line":16,"column":null}}},"1":{"name":"GetCountryDataRoutes","decl":{"start":{"line":8,"column":2},"end":{"line":8,"column":14}},"loc":{"start":{"line":8,"column":30},"end":{"line":10,"column":3}}},"2":{"name":"(anonymous_9)","decl":{"start":{"line":12,"column":2},"end":{"line":12,"column":17}},"loc":{"start":{"line":12,"column":2},"end":{"line":14,"column":3}}}},"branchMap":{"0":{"loc":{"start":{"line":9,"column":4},"end":{"line":9,"column":null}},"type":"binary-expr","locations":[{"start":{"line":9,"column":4},"end":{"line":9,"column":52}},{"start":{"line":9,"column":52},"end":{"line":9,"column":null}}]}},"s":{"0":1,"1":1,"2":1,"3":1,"4":1,"5":1,"6":1,"7":1,"8":1,"9":1},"f":{"0":1,"1":1,"2":1},"b":{"0":[1,1]}}
,"C:\\Users\\software engineer\\Desktop\\ImmFly\\ImmFly\\app\\routes\\reverse\\routes.ts": {"path":"C:\\Users\\software engineer\\Desktop\\ImmFly\\ImmFly\\app\\routes\\reverse\\routes.ts","statementMap":{"0":{"start":{"line":1,"column":0},"end":{"line":1,"column":79}},"1":{"start":{"line":3,"column":0},"end":{"line":3,"column":57}},"2":{"start":{"line":5,"column":26},"end":{"line":5,"column":47}},"3":{"start":{"line":7,"column":0},"end":{"line":7,"column":null}},"4":{"start":{"line":7,"column":38},"end":{"line":7,"column":56}},"5":{"start":{"line":9,"column":4},"end":{"line":9,"column":null}},"6":{"start":{"line":12,"column":2},"end":{"line":14,"column":null}},"7":{"start":{"line":13,"column":4},"end":{"line":13,"column":43}},"8":{"start":{"line":15,"column":0},"end":{"line":15,"column":null}},"9":{"start":{"line":7,"column":13},"end":{"line":7,"column":29}}},"fnMap":{"0":{"name":"(anonymous_7)","decl":{"start":{"line":7,"column":0},"end":{"line":7,"column":13}},"loc":{"start":{"line":7,"column":0},"end":{"line":15,"column":null}}},"1":{"name":"GetReverseRoutes","decl":{"start":{"line":8,"column":2},"end":{"line":8,"column":14}},"loc":{"start":{"line":8,"column":30},"end":{"line":10,"column":3}}},"2":{"name":"(anonymous_9)","decl":{"start":{"line":12,"column":2},"end":{"line":12,"column":17}},"loc":{"start":{"line":12,"column":2},"end":{"line":14,"column":3}}}},"branchMap":{"0":{"loc":{"start":{"line":9,"column":4},"end":{"line":9,"column":null}},"type":"binary-expr","locations":[{"start":{"line":9,"column":4},"end":{"line":9,"column":46}},{"start":{"line":9,"column":46},"end":{"line":9,"column":null}}]}},"s":{"0":1,"1":1,"2":1,"3":1,"4":1,"5":1,"6":1,"7":1,"8":1,"9":1},"f":{"0":1,"1":1,"2":1},"b":{"0":[1,1]}}
,"C:\\Users\\software engineer\\Desktop\\ImmFly\\ImmFly\\app\\services\\country.ts": {"path":"C:\\Users\\software engineer\\Desktop\\ImmFly\\ImmFly\\app\\services\\country.ts","statementMap":{"0":{"start":{"line":2,"column":0},"end":{"line":2,"column":27}},"1":{"start":{"line":8,"column":0},"end":{"line":8,"column":43}},"2":{"start":{"line":9,"column":0},"end":{"line":9,"column":49}},"3":{"start":{"line":10,"column":0},"end":{"line":10,"column":49}},"4":{"start":{"line":12,"column":0},"end":{"line":12,"column":null}},"5":{"start":{"line":14,"column":2},"end":{"line":51,"column":4}},"6":{"start":{"line":14,"column":53},"end":{"line":51,"column":4}},"7":{"start":{"line":15,"column":66},"end":{"line":15,"column":null}},"8":{"start":{"line":15,"column":10},"end":{"line":15,"column":null}},"9":{"start":{"line":16,"column":4},"end":{"line":50,"column":null}},"10":{"start":{"line":17,"column":6},"end":{"line":20,"column":8}},"11":{"start":{"line":24,"column":6},"end":{"line":49,"column":null}},"12":{"start":{"line":26,"column":8},"end":{"line":26,"column":25}},"13":{"start":{"line":27,"column":8},"end":{"line":29,"column":11}},"14":{"start":{"line":28,"column":10},"end":{"line":28,"column":110}},"15":{"start":{"line":31,"column":8},"end":{"line":46,"column":null}},"16":{"start":{"line":32,"column":10},"end":{"line":43,"column":null}},"17":{"start":{"line":34,"column":14},"end":{"line":36,"column":16}},"18":{"start":{"line":35,"column":16},"end":{"line":35,"column":null}},"19":{"start":{"line":38,"column":14},"end":{"line":40,"column":16}},"20":{"start":{"line":39,"column":16},"end":{"line":39,"column":null}},"21":{"start":{"line":42,"column":14},"end":{"line":42,"column":33}},"22":{"start":{"line":45,"column":10},"end":{"line":45,"column":29}},"23":{"start":{"line":48,"column":8},"end":{"line":48,"column":25}},"24":{"start":{"line":53,"column":2},"end":{"line":70,"column":4}},"25":{"start":{"line":53,"column":42},"end":{"line":70,"column":4}},"26":{"start":{"line":55,"column":4},"end":{"line":55,"column":null}},"27":{"start":{"line":56,"column":4},"end":{"line":68,"column":null}},"28":{"start":{"line":57,"column":10},"end":{"line":57,"column":null}},"29":{"start":{"line":58,"column":10},"end":{"line":58,"column":62}},"30":{"start":{"line":61,"column":6},"end":{"line":61,"column":28}},"31":{"start":{"line":62,"column":6},"end":{"line":65,"column":9}},"32":{"start":{"line":63,"column":8},"end":{"line":63,"column":95}},"33":{"start":{"line":64,"column":8},"end":{"line":64,"column":null}},"34":{"start":{"line":66,"column":6},"end":{"line":66,"column":null}},"35":{"start":{"line":69,"column":4},"end":{"line":69,"column":21}},"36":{"start":{"line":72,"column":2},"end":{"line":93,"column":4}},"37":{"start":{"line":72,"column":54},"end":{"line":93,"column":4}},"38":{"start":{"line":73,"column":8},"end":{"line":73,"column":51}},"39":{"start":{"line":74,"column":4},"end":{"line":74,"column":null}},"40":{"start":{"line":74,"column":23},"end":{"line":74,"column":null}},"41":{"start":{"line":77,"column":4},"end":{"line":77,"column":19}},"42":{"start":{"line":78,"column":4},"end":{"line":83,"column":null}},"43":{"start":{"line":79,"column":6},"end":{"line":79,"column":28}},"44":{"start":{"line":80,"column":6},"end":{"line":80,"column":35}},"45":{"start":{"line":81,"column":6},"end":{"line":81,"column":26}},"46":{"start":{"line":82,"column":6},"end":{"line":82,"column":23}},"47":{"start":{"line":84,"column":4},"end":{"line":87,"column":null}},"48":{"start":{"line":85,"column":6},"end":{"line":85,"column":28}},"49":{"start":{"line":86,"column":6},"end":{"line":86,"column":35}},"50":{"start":{"line":88,"column":4},"end":{"line":91,"column":null}},"51":{"start":{"line":89,"column":6},"end":{"line":89,"column":null}},"52":{"start":{"line":90,"column":6},"end":{"line":90,"column":null}},"53":{"start":{"line":92,"column":4},"end":{"line":92,"column":21}},"54":{"start":{"line":95,"column":0},"end":{"line":95,"column":null}},"55":{"start":{"line":96,"column":0},"end":{"line":96,"column":35}}},"fnMap":{"0":{"name":"(anonymous_13)","decl":{"start":{"line":12,"column":0},"end":{"line":12,"column":null}},"loc":{"start":{"line":12,"column":0},"end":{"line":95,"column":null}}},"1":{"name":"(anonymous_15)","decl":{"start":{"line":14,"column":17},"end":{"line":14,"column":24}},"loc":{"start":{"line":14,"column":53},"end":{"line":51,"column":4}}},"2":{"name":"(anonymous_16)","decl":{"start":{"line":14,"column":53},"end":{"line":14,"column":null}},"loc":{"start":{"line":14,"column":53},"end":{"line":51,"column":4}}},"3":{"name":"(anonymous_18)","decl":{"start":{"line":27,"column":25},"end":{"line":27,"column":26}},"loc":{"start":{"line":27,"column":66},"end":{"line":29,"column":9}}},"4":{"name":"(anonymous_19)","decl":{"start":{"line":34,"column":38},"end":{"line":34,"column":39}},"loc":{"start":{"line":34,"column":86},"end":{"line":35,"column":21}}},"5":{"name":"(anonymous_20)","decl":{"start":{"line":38,"column":38},"end":{"line":38,"column":39}},"loc":{"start":{"line":38,"column":86},"end":{"line":39,"column":21}}},"6":{"name":"(anonymous_21)","decl":{"start":{"line":53,"column":18},"end":{"line":53,"column":25}},"loc":{"start":{"line":53,"column":42},"end":{"line":70,"column":4}}},"7":{"name":"(anonymous_22)","decl":{"start":{"line":53,"column":42},"end":{"line":53,"column":null}},"loc":{"start":{"line":53,"column":42},"end":{"line":70,"column":4}}},"8":{"name":"(anonymous_24)","decl":{"start":{"line":62,"column":35},"end":{"line":62,"column":42}},"loc":{"start":{"line":62,"column":42},"end":{"line":65,"column":7}}},"9":{"name":"(anonymous_25)","decl":{"start":{"line":72,"column":22},"end":{"line":72,"column":29}},"loc":{"start":{"line":72,"column":54},"end":{"line":93,"column":4}}},"10":{"name":"(anonymous_26)","decl":{"start":{"line":72,"column":54},"end":{"line":72,"column":null}},"loc":{"start":{"line":72,"column":54},"end":{"line":93,"column":4}}}},"branchMap":{"0":{"loc":{"start":{"line":15,"column":66},"end":{"line":15,"column":null}},"type":"switch","locations":[{"start":{"line":15,"column":66},"end":{"line":15,"column":null}}]},"1":{"loc":{"start":{"line":16,"column":4},"end":{"line":50,"column":null}},"type":"if","locations":[{"start":{"line":16,"column":4},"end":{"line":50,"column":null}},{"start":{"line":22,"column":9},"end":{"line":50,"column":null}}]},"2":{"loc":{"start":{"line":24,"column":6},"end":{"line":49,"column":null}},"type":"if","locations":[{"start":{"line":24,"column":6},"end":{"line":49,"column":null}},{"start":{"line":47,"column":13},"end":{"line":49,"column":null}}]},"3":{"loc":{"start":{"line":24,"column":10},"end":{"line":24,"column":61}},"type":"binary-expr","locations":[{"start":{"line":24,"column":11},"end":{"line":24,"column":39}},{"start":{"line":24,"column":44},"end":{"line":24,"column":61}}]},"4":{"loc":{"start":{"line":28,"column":10},"end":{"line":28,"column":109}},"type":"cond-expr","locations":[{"start":{"line":28,"column":79},"end":{"line":28,"column":102}},{"start":{"line":28,"column":105},"end":{"line":28,"column":109}}]},"5":{"loc":{"start":{"line":28,"column":11},"end":{"line":28,"column":76}},"type":"binary-expr","locations":[{"start":{"line":28,"column":11},"end":{"line":28,"column":42}},{"start":{"line":28,"column":46},"end":{"line":28,"column":74}}]},"6":{"loc":{"start":{"line":28,"column":11},"end":{"line":28,"column":42}},"type":"cond-expr","locations":[{"start":{"line":28,"column":16},"end":{"line":28,"column":18}},{"start":{"line":28,"column":11},"end":{"line":28,"column":42}}]},"7":{"loc":{"start":{"line":28,"column":11},"end":{"line":28,"column":18}},"type":"binary-expr","locations":[{"start":{"line":28,"column":11},"end":{"line":28,"column":18}},{"start":{"line":28,"column":11},"end":{"line":28,"column":18}}]},"8":{"loc":{"start":{"line":28,"column":46},"end":{"line":28,"column":74}},"type":"cond-expr","locations":[{"start":{"line":28,"column":51},"end":{"line":28,"column":53}},{"start":{"line":28,"column":46},"end":{"line":28,"column":74}}]},"9":{"loc":{"start":{"line":28,"column":46},"end":{"line":28,"column":53}},"type":"binary-expr","locations":[{"start":{"line":28,"column":46},"end":{"line":28,"column":53}},{"start":{"line":28,"column":46},"end":{"line":28,"column":53}}]},"10":{"loc":{"start":{"line":31,"column":8},"end":{"line":46,"column":null}},"type":"if","locations":[{"start":{"line":31,"column":8},"end":{"line":46,"column":null}},{"start":{"line":44,"column":15},"end":{"line":46,"column":null}}]},"11":{"loc":{"start":{"line":31,"column":12},"end":{"line":31,"column":47}},"type":"binary-expr","locations":[{"start":{"line":31,"column":12},"end":{"line":31,"column":27}},{"start":{"line":31,"column":31},"end":{"line":31,"column":47}}]},"12":{"loc":{"start":{"line":32,"column":10},"end":{"line":43,"column":null}},"type":"switch","locations":[{"start":{"line":33,"column":12},"end":{"line":36,"column":16}},{"start":{"line":37,"column":12},"end":{"line":40,"column":16}},{"start":{"line":41,"column":12},"end":{"line":42,"column":33}}]},"13":{"loc":{"start":{"line":39,"column":16},"end":{"line":39,"column":47}},"type":"cond-expr","locations":[{"start":{"line":39,"column":41},"end":{"line":39,"column":43}},{"start":{"line":39,"column":46},"end":{"line":39,"column":47}}]},"14":{"loc":{"start":{"line":56,"column":4},"end":{"line":68,"column":null}},"type":"if","locations":[{"start":{"line":56,"column":4},"end":{"line":68,"column":null}}]},"15":{"loc":{"start":{"line":63,"column":8},"end":{"line":63,"column":94}},"type":"cond-expr","locations":[{"start":{"line":63,"column":53},"end":{"line":63,"column":84}},{"start":{"line":63,"column":87},"end":{"line":63,"column":94}}]},"16":{"loc":{"start":{"line":74,"column":4},"end":{"line":74,"column":null}},"type":"if","locations":[{"start":{"line":74,"column":4},"end":{"line":74,"column":null}}]},"17":{"loc":{"start":{"line":74,"column":7},"end":{"line":74,"column":21}},"type":"binary-expr","locations":[{"start":{"line":74,"column":7},"end":{"line":74,"column":13}},{"start":{"line":74,"column":17},"end":{"line":74,"column":21}}]},"18":{"loc":{"start":{"line":78,"column":4},"end":{"line":83,"column":null}},"type":"if","locations":[{"start":{"line":78,"column":4},"end":{"line":83,"column":null}}]},"19":{"loc":{"start":{"line":78,"column":8},"end":{"line":78,"column":104}},"type":"binary-expr","locations":[{"start":{"line":78,"column":9},"end":{"line":78,"column":35}},{"start":{"line":78,"column":39},"end":{"line":78,"column":55}},{"start":{"line":78,"column":61},"end":{"line":78,"column":85}},{"start":{"line":78,"column":89},"end":{"line":78,"column":103}}]},"20":{"loc":{"start":{"line":84,"column":4},"end":{"line":87,"column":null}},"type":"if","locations":[{"start":{"line":84,"column":4},"end":{"line":87,"column":null}}]},"21":{"loc":{"start":{"line":84,"column":8},"end":{"line":84,"column":56}},"type":"binary-expr","locations":[{"start":{"line":84,"column":9},"end":{"line":84,"column":35}},{"start":{"line":84,"column":40},"end":{"line":84,"column":56}}]},"22":{"loc":{"start":{"line":88,"column":4},"end":{"line":91,"column":null}},"type":"if","locations":[{"start":{"line":88,"column":4},"end":{"line":91,"column":null}}]},"23":{"loc":{"start":{"line":88,"column":8},"end":{"line":88,"column":50}},"type":"binary-expr","locations":[{"start":{"line":88,"column":8},"end":{"line":88,"column":32}},{"start":{"line":88,"column":36},"end":{"line":88,"column":50}}]}},"s":{"0":1,"1":1,"2":1,"3":1,"4":2,"5":1,"6":1,"7":1,"8":1,"9":1,"10":0,"11":1,"12":0,"13":0,"14":0,"15":0,"16":0,"17":0,"18":0,"19":0,"20":0,"21":0,"22":0,"23":1,"24":1,"25":1,"26":1,"27":1,"28":1,"29":1,"30":1,"31":1,"32":5,"33":5,"34":1,"35":0,"36":1,"37":1,"38":1,"39":1,"40":0,"41":1,"42":1,"43":1,"44":1,"45":1,"46":1,"47":0,"48":0,"49":0,"50":0,"51":0,"52":0,"53":0,"54":1,"55":1},"f":{"0":2,"1":1,"2":1,"3":0,"4":0,"5":0,"6":1,"7":1,"8":5,"9":1,"10":1},"b":{"0":[1],"1":[0,1],"2":[0,1],"3":[1,0],"4":[0,0],"5":[0,0],"6":[0,0],"7":[0,0],"8":[0,0],"9":[0,0],"10":[0,0],"11":[0,0],"12":[0,0,0],"13":[0,0],"14":[1],"15":[2,3],"16":[0],"17":[1,0],"18":[1],"19":[1,1,1,1],"20":[0],"21":[0,0],"22":[0],"23":[0,0]}}
,"C:\\Users\\software engineer\\Desktop\\ImmFly\\ImmFly\\app\\services\\httpsClient.ts": {"path":"C:\\Users\\software engineer\\Desktop\\ImmFly\\ImmFly\\app\\services\\httpsClient.ts","statementMap":{"0":{"start":{"line":1,"column":0},"end":{"line":1,"column":26}},"1":{"start":{"line":2,"column":0},"end":{"line":2,"column":43}},"2":{"start":{"line":4,"column":19},"end":{"line":9,"column":2}},"3":{"start":{"line":11,"column":9},"end":{"line":11,"column":19}}},"fnMap":{},"branchMap":{},"s":{"0":1,"1":1,"2":1,"3":1},"f":{},"b":{}}
,"C:\\Users\\software engineer\\Desktop\\ImmFly\\ImmFly\\build\\app\\common\\index.js": {"path":"C:\\Users\\software engineer\\Desktop\\ImmFly\\ImmFly\\build\\app\\common\\index.js","statementMap":{"0":{"start":{"line":2,"column":22},"end":{"line":4,"column":1}},"1":{"start":{"line":3,"column":4},"end":{"line":3,"column":62}},"2":{"start":{"line":5,"column":0},"end":{"line":5,"column":62}},"3":{"start":{"line":6,"column":0},"end":{"line":6,"column":28}},"4":{"start":{"line":7,"column":14},"end":{"line":7,"column":47}},"5":{"start":{"line":8,"column":19},"end":{"line":8,"column":50}},"6":{"start":{"line":9,"column":14},"end":{"line":9,"column":40}},"7":{"start":{"line":10,"column":17},"end":{"line":33,"column":1}},"8":{"start":{"line":11,"column":4},"end":{"line":32,"column":6}},"9":{"start":{"line":12,"column":8},"end":{"line":31,"column":11}},"10":{"start":{"line":14,"column":12},"end":{"line":14,"column":46}},"11":{"start":{"line":18,"column":12},"end":{"line":26,"column":13}},"12":{"start":{"line":19,"column":27},"end":{"line":19,"column":46}},"13":{"start":{"line":20,"column":16},"end":{"line":20,"column":58}},"14":{"start":{"line":22,"column":17},"end":{"line":26,"column":13}},"15":{"start":{"line":23,"column":16},"end":{"line":25,"column":19}},"16":{"start":{"line":27,"column":12},"end":{"line":30,"column":15}},"17":{"start":{"line":34,"column":0},"end":{"line":34,"column":32}}},"fnMap":{"0":{"name":"(anonymous_0)","decl":{"start":{"line":2,"column":56},"end":{"line":2,"column":57}},"loc":{"start":{"line":2,"column":71},"end":{"line":4,"column":1}},"line":2},"1":{"name":"(anonymous_1)","decl":{"start":{"line":10,"column":17},"end":{"line":10,"column":18}},"loc":{"start":{"line":10,"column":31},"end":{"line":33,"column":1}},"line":10},"2":{"name":"(anonymous_2)","decl":{"start":{"line":11,"column":11},"end":{"line":11,"column":12}},"loc":{"start":{"line":11,"column":37},"end":{"line":32,"column":5}},"line":11},"3":{"name":"(anonymous_3)","decl":{"start":{"line":13,"column":18},"end":{"line":13,"column":19}},"loc":{"start":{"line":13,"column":34},"end":{"line":15,"column":9}},"line":13},"4":{"name":"(anonymous_4)","decl":{"start":{"line":16,"column":19},"end":{"line":16,"column":20}},"loc":{"start":{"line":16,"column":36},"end":{"line":31,"column":9}},"line":16}},"branchMap":{"0":{"loc":{"start":{"line":2,"column":22},"end":{"line":4,"column":1}},"type":"binary-expr","locations":[{"start":{"line":2,"column":23},"end":{"line":2,"column":27}},{"start":{"line":2,"column":31},"end":{"line":2,"column":51}},{"start":{"line":2,"column":56},"end":{"line":4,"column":1}}],"line":2},"1":{"loc":{"start":{"line":3,"column":11},"end":{"line":3,"column":61}},"type":"cond-expr","locations":[{"start":{"line":3,"column":37},"end":{"line":3,"column":40}},{"start":{"line":3,"column":43},"end":{"line":3,"column":61}}],"line":3},"2":{"loc":{"start":{"line":3,"column":12},"end":{"line":3,"column":33}},"type":"binary-expr","locations":[{"start":{"line":3,"column":12},"end":{"line":3,"column":15}},{"start":{"line":3,"column":19},"end":{"line":3,"column":33}}],"line":3},"3":{"loc":{"start":{"line":18,"column":12},"end":{"line":26,"column":13}},"type":"if","locations":[{"start":{"line":18,"column":12},"end":{"line":26,"column":13}},{"start":{"line":22,"column":17},"end":{"line":26,"column":13}}],"line":18},"4":{"loc":{"start":{"line":18,"column":16},"end":{"line":18,"column":169}},"type":"binary-expr","locations":[{"start":{"line":18,"column":16},"end":{"line":18,"column":51}},{"start":{"line":18,"column":56},"end":{"line":18,"column":168}}],"line":18},"5":{"loc":{"start":{"line":18,"column":56},"end":{"line":18,"column":168}},"type":"cond-expr","locations":[{"start":{"line":18,"column":152},"end":{"line":18,"column":158}},{"start":{"line":18,"column":161},"end":{"line":18,"column":168}}],"line":18},"6":{"loc":{"start":{"line":18,"column":56},"end":{"line":18,"column":149}},"type":"binary-expr","locations":[{"start":{"line":18,"column":56},"end":{"line":18,"column":132}},{"start":{"line":18,"column":136},"end":{"line":18,"column":149}}],"line":18},"7":{"loc":{"start":{"line":18,"column":62},"end":{"line":18,"column":122}},"type":"cond-expr","locations":[{"start":{"line":18,"column":99},"end":{"line":18,"column":105}},{"start":{"line":18,"column":108},"end":{"line":18,"column":122}}],"line":18},"8":{"loc":{"start":{"line":18,"column":62},"end":{"line":18,"column":96}},"type":"binary-expr","locations":[{"start":{"line":18,"column":62},"end":{"line":18,"column":76}},{"start":{"line":18,"column":80},"end":{"line":18,"column":96}}],"line":18},"9":{"loc":{"start":{"line":22,"column":17},"end":{"line":26,"column":13}},"type":"if","locations":[{"start":{"line":22,"column":17},"end":{"line":26,"column":13}},{"start":{},"end":{}}],"line":22}},"s":{"0":1,"1":1,"2":1,"3":1,"4":1,"5":1,"6":1,"7":1,"8":3,"9":3,"10":3,"11":0,"12":0,"13":0,"14":0,"15":0,"16":0,"17":1},"f":{"0":1,"1":3,"2":3,"3":3,"4":0},"b":{"0":[1,1,1],"1":[0,1],"2":[1,1],"3":[0,0],"4":[0,0],"5":[0,0],"6":[0,0],"7":[0,0],"8":[0,0],"9":[0,0]},"inputSourceMap":null,"_coverageSchema":"1a1c01bbd47fc00a2c39e90264f33305004495a9","hash":"8f081a0c3df0dc00d7238455558aed577f8ae376"}
,"C:\\Users\\software engineer\\Desktop\\ImmFly\\ImmFly\\build\\app\\common\\routes.js": {"path":"C:\\Users\\software engineer\\Desktop\\ImmFly\\ImmFly\\build\\app\\common\\routes.js","statementMap":{"0":{"start":{"line":2,"column":0},"end":{"line":2,"column":62}},"1":{"start":{"line":3,"column":0},"end":{"line":3,"column":36}},"2":{"start":{"line":4,"column":16},"end":{"line":4,"column":34}},"3":{"start":{"line":5,"column":40},"end":{"line":16,"column":3}},"4":{"start":{"line":7,"column":8},"end":{"line":7,"column":25}},"5":{"start":{"line":8,"column":8},"end":{"line":8,"column":46}},"6":{"start":{"line":9,"column":8},"end":{"line":9,"column":31}},"7":{"start":{"line":10,"column":8},"end":{"line":10,"column":36}},"8":{"start":{"line":12,"column":4},"end":{"line":14,"column":6}},"9":{"start":{"line":13,"column":8},"end":{"line":13,"column":25}},"10":{"start":{"line":15,"column":4},"end":{"line":15,"column":30}},"11":{"start":{"line":17,"column":0},"end":{"line":17,"column":48}}},"fnMap":{"0":{"name":"(anonymous_0)","decl":{"start":{"line":5,"column":40},"end":{"line":5,"column":41}},"loc":{"start":{"line":5,"column":52},"end":{"line":16,"column":1}},"line":5},"1":{"name":"CommonRoutesConfig","decl":{"start":{"line":6,"column":13},"end":{"line":6,"column":31}},"loc":{"start":{"line":6,"column":50},"end":{"line":11,"column":5}},"line":6},"2":{"name":"(anonymous_2)","decl":{"start":{"line":12,"column":43},"end":{"line":12,"column":44}},"loc":{"start":{"line":12,"column":55},"end":{"line":14,"column":5}},"line":12}},"branchMap":{},"s":{"0":1,"1":1,"2":1,"3":1,"4":3,"5":3,"6":3,"7":3,"8":1,"9":0,"10":1,"11":1},"f":{"0":1,"1":3,"2":0},"b":{},"inputSourceMap":null,"_coverageSchema":"1a1c01bbd47fc00a2c39e90264f33305004495a9","hash":"16004c6ddddbf09b57528ea721da9a78addebf8f"}
,"C:\\Users\\software engineer\\Desktop\\ImmFly\\ImmFly\\build\\app\\config\\express.js": {"path":"C:\\Users\\software engineer\\Desktop\\ImmFly\\ImmFly\\build\\app\\config\\express.js","statementMap":{"0":{"start":{"line":2,"column":22},"end":{"line":4,"column":1}},"1":{"start":{"line":3,"column":4},"end":{"line":3,"column":62}},"2":{"start":{"line":5,"column":0},"end":{"line":5,"column":62}},"3":{"start":{"line":6,"column":16},"end":{"line":6,"column":51}},"4":{"start":{"line":7,"column":13},"end":{"line":7,"column":45}},"5":{"start":{"line":8,"column":23},"end":{"line":14,"column":1}},"6":{"start":{"line":9,"column":14},"end":{"line":9,"column":38}},"7":{"start":{"line":10,"column":4},"end":{"line":10,"column":38}},"8":{"start":{"line":11,"column":4},"end":{"line":11,"column":62}},"9":{"start":{"line":12,"column":4},"end":{"line":12,"column":35}},"10":{"start":{"line":13,"column":4},"end":{"line":13,"column":15}},"11":{"start":{"line":15,"column":0},"end":{"line":15,"column":35}}},"fnMap":{"0":{"name":"(anonymous_0)","decl":{"start":{"line":2,"column":56},"end":{"line":2,"column":57}},"loc":{"start":{"line":2,"column":71},"end":{"line":4,"column":1}},"line":2},"1":{"name":"(anonymous_1)","decl":{"start":{"line":8,"column":23},"end":{"line":8,"column":24}},"loc":{"start":{"line":8,"column":35},"end":{"line":14,"column":1}},"line":8}},"branchMap":{"0":{"loc":{"start":{"line":2,"column":22},"end":{"line":4,"column":1}},"type":"binary-expr","locations":[{"start":{"line":2,"column":23},"end":{"line":2,"column":27}},{"start":{"line":2,"column":31},"end":{"line":2,"column":51}},{"start":{"line":2,"column":56},"end":{"line":4,"column":1}}],"line":2},"1":{"loc":{"start":{"line":3,"column":11},"end":{"line":3,"column":61}},"type":"cond-expr","locations":[{"start":{"line":3,"column":37},"end":{"line":3,"column":40}},{"start":{"line":3,"column":43},"end":{"line":3,"column":61}}],"line":3},"2":{"loc":{"start":{"line":3,"column":12},"end":{"line":3,"column":33}},"type":"binary-expr","locations":[{"start":{"line":3,"column":12},"end":{"line":3,"column":15}},{"start":{"line":3,"column":19},"end":{"line":3,"column":33}}],"line":3}},"s":{"0":1,"1":2,"2":1,"3":1,"4":1,"5":1,"6":1,"7":1,"8":1,"9":1,"10":1,"11":1},"f":{"0":2,"1":1},"b":{"0":[1,1,1],"1":[0,2],"2":[2,2]},"inputSourceMap":null,"_coverageSchema":"1a1c01bbd47fc00a2c39e90264f33305004495a9","hash":"89b695ee0576209b301b6e32e0f7946866f85116"}
,"C:\\Users\\software engineer\\Desktop\\ImmFly\\ImmFly\\build\\app\\config\\index.js": {"path":"C:\\Users\\software engineer\\Desktop\\ImmFly\\ImmFly\\build\\app\\config\\index.js","statementMap":{"0":{"start":{"line":2,"column":22},"end":{"line":4,"column":1}},"1":{"start":{"line":3,"column":4},"end":{"line":3,"column":62}},"2":{"start":{"line":5,"column":0},"end":{"line":5,"column":62}},"3":{"start":{"line":6,"column":0},"end":{"line":6,"column":60}},"4":{"start":{"line":7,"column":16},"end":{"line":7,"column":53}},"5":{"start":{"line":8,"column":0},"end":{"line":8,"column":45}},"6":{"start":{"line":9,"column":15},"end":{"line":9,"column":51}},"7":{"start":{"line":10,"column":0},"end":{"line":10,"column":43}}},"fnMap":{"0":{"name":"(anonymous_0)","decl":{"start":{"line":2,"column":56},"end":{"line":2,"column":57}},"loc":{"start":{"line":2,"column":71},"end":{"line":4,"column":1}},"line":2}},"branchMap":{"0":{"loc":{"start":{"line":2,"column":22},"end":{"line":4,"column":1}},"type":"binary-expr","locations":[{"start":{"line":2,"column":23},"end":{"line":2,"column":27}},{"start":{"line":2,"column":31},"end":{"line":2,"column":51}},{"start":{"line":2,"column":56},"end":{"line":4,"column":1}}],"line":2},"1":{"loc":{"start":{"line":3,"column":11},"end":{"line":3,"column":61}},"type":"cond-expr","locations":[{"start":{"line":3,"column":37},"end":{"line":3,"column":40}},{"start":{"line":3,"column":43},"end":{"line":3,"column":61}}],"line":3},"2":{"loc":{"start":{"line":3,"column":12},"end":{"line":3,"column":33}},"type":"binary-expr","locations":[{"start":{"line":3,"column":12},"end":{"line":3,"column":15}},{"start":{"line":3,"column":19},"end":{"line":3,"column":33}}],"line":3}},"s":{"0":1,"1":2,"2":1,"3":1,"4":1,"5":1,"6":1,"7":1},"f":{"0":2},"b":{"0":[1,1,1],"1":[2,0],"2":[2,2]},"inputSourceMap":null,"_coverageSchema":"1a1c01bbd47fc00a2c39e90264f33305004495a9","hash":"199006ec302f0fe00f5ca72c5ee78ec0294e59fd"}
,"C:\\Users\\software engineer\\Desktop\\ImmFly\\ImmFly\\build\\app\\config\\routes.js": {"path":"C:\\Users\\software engineer\\Desktop\\ImmFly\\ImmFly\\build\\app\\config\\routes.js","statementMap":{"0":{"start":{"line":2,"column":0},"end":{"line":2,"column":62}},"1":{"start":{"line":3,"column":15},"end":{"line":3,"column":50}},"2":{"start":{"line":4,"column":15},"end":{"line":4,"column":50}},"3":{"start":{"line":5,"column":15},"end":{"line":5,"column":49}},"4":{"start":{"line":6,"column":22},"end":{"line":10,"column":1}},"5":{"start":{"line":7,"column":4},"end":{"line":7,"column":43}},"6":{"start":{"line":8,"column":4},"end":{"line":8,"column":39}},"7":{"start":{"line":9,"column":4},"end":{"line":9,"column":35}},"8":{"start":{"line":11,"column":0},"end":{"line":11,"column":34}}},"fnMap":{"0":{"name":"(anonymous_0)","decl":{"start":{"line":6,"column":22},"end":{"line":6,"column":23}},"loc":{"start":{"line":6,"column":37},"end":{"line":10,"column":1}},"line":6}},"branchMap":{},"s":{"0":1,"1":1,"2":1,"3":1,"4":1,"5":1,"6":1,"7":1,"8":1},"f":{"0":1},"b":{},"inputSourceMap":null,"_coverageSchema":"1a1c01bbd47fc00a2c39e90264f33305004495a9","hash":"f8bb48c217ba8f7a14933cf2cf7f9e03f346976f"}
,"C:\\Users\\software engineer\\Desktop\\ImmFly\\ImmFly\\build\\app\\constants\\index.js": {"path":"C:\\Users\\software engineer\\Desktop\\ImmFly\\ImmFly\\build\\app\\constants\\index.js","statementMap":{"0":{"start":{"line":2,"column":0},"end":{"line":2,"column":62}},"1":{"start":{"line":3,"column":0},"end":{"line":3,"column":26}},"2":{"start":{"line":4,"column":0},"end":{"line":4,"column":71}}},"fnMap":{},"branchMap":{},"s":{"0":1,"1":1,"2":1},"f":{},"b":{},"inputSourceMap":null,"_coverageSchema":"1a1c01bbd47fc00a2c39e90264f33305004495a9","hash":"10f6c1a9faa194b267641fde35a7b0104f336fb5"}
,"C:\\Users\\software engineer\\Desktop\\ImmFly\\ImmFly\\build\\app\\controller\\append\\append.controller.js": {"path":"C:\\Users\\software engineer\\Desktop\\ImmFly\\ImmFly\\build\\app\\controller\\append\\append.controller.js","statementMap":{"0":{"start":{"line":2,"column":16},"end":{"line":10,"column":1}},"1":{"start":{"line":3,"column":28},"end":{"line":3,"column":110}},"2":{"start":{"line":3,"column":91},"end":{"line":3,"column":106}},"3":{"start":{"line":4,"column":4},"end":{"line":9,"column":7}},"4":{"start":{"line":5,"column":36},"end":{"line":5,"column":97}},"5":{"start":{"line":5,"column":42},"end":{"line":5,"column":70}},"6":{"start":{"line":5,"column":85},"end":{"line":5,"column":95}},"7":{"start":{"line":6,"column":35},"end":{"line":6,"column":100}},"8":{"start":{"line":6,"column":41},"end":{"line":6,"column":73}},"9":{"start":{"line":6,"column":88},"end":{"line":6,"column":98}},"10":{"start":{"line":7,"column":32},"end":{"line":7,"column":116}},"11":{"start":{"line":8,"column":8},"end":{"line":8,"column":78}},"12":{"start":{"line":11,"column":18},"end":{"line":37,"column":1}},"13":{"start":{"line":12,"column":12},"end":{"line":12,"column":104}},"14":{"start":{"line":12,"column":43},"end":{"line":12,"column":68}},"15":{"start":{"line":12,"column":57},"end":{"line":12,"column":68}},"16":{"start":{"line":12,"column":69},"end":{"line":12,"column":81}},"17":{"start":{"line":13,"column":4},"end":{"line":13,"column":157}},"18":{"start":{"line":13,"column":138},"end":{"line":13,"column":150}},"19":{"start":{"line":14,"column":23},"end":{"line":14,"column":68}},"20":{"start":{"line":14,"column":45},"end":{"line":14,"column":65}},"21":{"start":{"line":16,"column":8},"end":{"line":16,"column":70}},"22":{"start":{"line":16,"column":15},"end":{"line":16,"column":70}},"23":{"start":{"line":17,"column":8},"end":{"line":34,"column":66}},"24":{"start":{"line":17,"column":18},"end":{"line":34,"column":66}},"25":{"start":{"line":18,"column":12},"end":{"line":18,"column":169}},"26":{"start":{"line":18,"column":160},"end":{"line":18,"column":169}},"27":{"start":{"line":19,"column":12},"end":{"line":19,"column":52}},"28":{"start":{"line":19,"column":26},"end":{"line":19,"column":52}},"29":{"start":{"line":20,"column":12},"end":{"line":32,"column":13}},"30":{"start":{"line":21,"column":32},"end":{"line":21,"column":39}},"31":{"start":{"line":21,"column":40},"end":{"line":21,"column":46}},"32":{"start":{"line":22,"column":24},"end":{"line":22,"column":34}},"33":{"start":{"line":22,"column":35},"end":{"line":22,"column":72}},"34":{"start":{"line":23,"column":24},"end":{"line":23,"column":34}},"35":{"start":{"line":23,"column":35},"end":{"line":23,"column":45}},"36":{"start":{"line":23,"column":46},"end":{"line":23,"column":55}},"37":{"start":{"line":23,"column":56},"end":{"line":23,"column":65}},"38":{"start":{"line":24,"column":24},"end":{"line":24,"column":41}},"39":{"start":{"line":24,"column":42},"end":{"line":24,"column":55}},"40":{"start":{"line":24,"column":56},"end":{"line":24,"column":65}},"41":{"start":{"line":26,"column":20},"end":{"line":26,"column":128}},"42":{"start":{"line":26,"column":110},"end":{"line":26,"column":116}},"43":{"start":{"line":26,"column":117},"end":{"line":26,"column":126}},"44":{"start":{"line":27,"column":20},"end":{"line":27,"column":106}},"45":{"start":{"line":27,"column":81},"end":{"line":27,"column":97}},"46":{"start":{"line":27,"column":98},"end":{"line":27,"column":104}},"47":{"start":{"line":28,"column":20},"end":{"line":28,"column":89}},"48":{"start":{"line":28,"column":57},"end":{"line":28,"column":72}},"49":{"start":{"line":28,"column":73},"end":{"line":28,"column":80}},"50":{"start":{"line":28,"column":81},"end":{"line":28,"column":87}},"51":{"start":{"line":29,"column":20},"end":{"line":29,"column":87}},"52":{"start":{"line":29,"column":47},"end":{"line":29,"column":62}},"53":{"start":{"line":29,"column":63},"end":{"line":29,"column":78}},"54":{"start":{"line":29,"column":79},"end":{"line":29,"column":85}},"55":{"start":{"line":30,"column":20},"end":{"line":30,"column":42}},"56":{"start":{"line":30,"column":30},"end":{"line":30,"column":42}},"57":{"start":{"line":31,"column":20},"end":{"line":31,"column":33}},"58":{"start":{"line":31,"column":34},"end":{"line":31,"column":43}},"59":{"start":{"line":33,"column":12},"end":{"line":33,"column":39}},"60":{"start":{"line":34,"column":22},"end":{"line":34,"column":34}},"61":{"start":{"line":34,"column":35},"end":{"line":34,"column":41}},"62":{"start":{"line":34,"column":54},"end":{"line":34,"column":64}},"63":{"start":{"line":35,"column":8},"end":{"line":35,"column":35}},"64":{"start":{"line":35,"column":23},"end":{"line":35,"column":35}},"65":{"start":{"line":35,"column":36},"end":{"line":35,"column":89}},"66":{"start":{"line":38,"column":22},"end":{"line":40,"column":1}},"67":{"start":{"line":39,"column":4},"end":{"line":39,"column":62}},"68":{"start":{"line":41,"column":0},"end":{"line":41,"column":62}},"69":{"start":{"line":42,"column":15},"end":{"line":42,"column":38}},"70":{"start":{"line":43,"column":16},"end":{"line":43,"column":66}},"71":{"start":{"line":44,"column":43},"end":{"line":63,"column":3}},"72":{"start":{"line":46,"column":20},"end":{"line":46,"column":24}},"73":{"start":{"line":47,"column":8},"end":{"line":60,"column":15}},"74":{"start":{"line":47,"column":80},"end":{"line":60,"column":11}},"75":{"start":{"line":49,"column":12},"end":{"line":59,"column":15}},"76":{"start":{"line":50,"column":16},"end":{"line":58,"column":17}},"77":{"start":{"line":52,"column":24},"end":{"line":52,"column":48}},"78":{"start":{"line":53,"column":24},"end":{"line":53,"column":44}},"79":{"start":{"line":54,"column":24},"end":{"line":54,"column":94}},"80":{"start":{"line":56,"column":24},"end":{"line":56,"column":41}},"81":{"start":{"line":57,"column":24},"end":{"line":57,"column":52}},"82":{"start":{"line":62,"column":4},"end":{"line":62,"column":33}},"83":{"start":{"line":64,"column":0},"end":{"line":64,"column":46}}},"fnMap":{"0":{"name":"(anonymous_0)","decl":{"start":{"line":2,"column":44},"end":{"line":2,"column":45}},"loc":{"start":{"line":2,"column":89},"end":{"line":10,"column":1}},"line":2},"1":{"name":"adopt","decl":{"start":{"line":3,"column":13},"end":{"line":3,"column":18}},"loc":{"start":{"line":3,"column":26},"end":{"line":3,"column":112}},"line":3},"2":{"name":"(anonymous_2)","decl":{"start":{"line":3,"column":70},"end":{"line":3,"column":71}},"loc":{"start":{"line":3,"column":89},"end":{"line":3,"column":108}},"line":3},"3":{"name":"(anonymous_3)","decl":{"start":{"line":4,"column":36},"end":{"line":4,"column":37}},"loc":{"start":{"line":4,"column":63},"end":{"line":9,"column":5}},"line":4},"4":{"name":"fulfilled","decl":{"start":{"line":5,"column":17},"end":{"line":5,"column":26}},"loc":{"start":{"line":5,"column":34},"end":{"line":5,"column":99}},"line":5},"5":{"name":"rejected","decl":{"start":{"line":6,"column":17},"end":{"line":6,"column":25}},"loc":{"start":{"line":6,"column":33},"end":{"line":6,"column":102}},"line":6},"6":{"name":"step","decl":{"start":{"line":7,"column":17},"end":{"line":7,"column":21}},"loc":{"start":{"line":7,"column":30},"end":{"line":7,"column":118}},"line":7},"7":{"name":"(anonymous_7)","decl":{"start":{"line":11,"column":48},"end":{"line":11,"column":49}},"loc":{"start":{"line":11,"column":73},"end":{"line":37,"column":1}},"line":11},"8":{"name":"(anonymous_8)","decl":{"start":{"line":12,"column":30},"end":{"line":12,"column":31}},"loc":{"start":{"line":12,"column":41},"end":{"line":12,"column":83}},"line":12},"9":{"name":"(anonymous_9)","decl":{"start":{"line":13,"column":125},"end":{"line":13,"column":126}},"loc":{"start":{"line":13,"column":136},"end":{"line":13,"column":152}},"line":13},"10":{"name":"verb","decl":{"start":{"line":14,"column":13},"end":{"line":14,"column":17}},"loc":{"start":{"line":14,"column":21},"end":{"line":14,"column":70}},"line":14},"11":{"name":"(anonymous_11)","decl":{"start":{"line":14,"column":30},"end":{"line":14,"column":31}},"loc":{"start":{"line":14,"column":43},"end":{"line":14,"column":67}},"line":14},"12":{"name":"step","decl":{"start":{"line":15,"column":13},"end":{"line":15,"column":17}},"loc":{"start":{"line":15,"column":22},"end":{"line":36,"column":5}},"line":15},"13":{"name":"(anonymous_13)","decl":{"start":{"line":38,"column":56},"end":{"line":38,"column":57}},"loc":{"start":{"line":38,"column":71},"end":{"line":40,"column":1}},"line":38},"14":{"name":"(anonymous_14)","decl":{"start":{"line":44,"column":43},"end":{"line":44,"column":44}},"loc":{"start":{"line":44,"column":55},"end":{"line":63,"column":1}},"line":44},"15":{"name":"AppendRouteController","decl":{"start":{"line":45,"column":13},"end":{"line":45,"column":34}},"loc":{"start":{"line":45,"column":37},"end":{"line":61,"column":5}},"line":45},"16":{"name":"(anonymous_16)","decl":{"start":{"line":47,"column":58},"end":{"line":47,"column":59}},"loc":{"start":{"line":47,"column":78},"end":{"line":60,"column":13}},"line":47},"17":{"name":"(anonymous_17)","decl":{"start":{"line":47,"column":120},"end":{"line":47,"column":121}},"loc":{"start":{"line":47,"column":132},"end":{"line":60,"column":9}},"line":47},"18":{"name":"(anonymous_18)","decl":{"start":{"line":49,"column":37},"end":{"line":49,"column":38}},"loc":{"start":{"line":49,"column":51},"end":{"line":59,"column":13}},"line":49}},"branchMap":{"0":{"loc":{"start":{"line":2,"column":16},"end":{"line":10,"column":1}},"type":"binary-expr","locations":[{"start":{"line":2,"column":17},"end":{"line":2,"column":21}},{"start":{"line":2,"column":25},"end":{"line":2,"column":39}},{"start":{"line":2,"column":44},"end":{"line":10,"column":1}}],"line":2},"1":{"loc":{"start":{"line":3,"column":35},"end":{"line":3,"column":109}},"type":"cond-expr","locations":[{"start":{"line":3,"column":56},"end":{"line":3,"column":61}},{"start":{"line":3,"column":64},"end":{"line":3,"column":109}}],"line":3},"2":{"loc":{"start":{"line":4,"column":16},"end":{"line":4,"column":34}},"type":"binary-expr","locations":[{"start":{"line":4,"column":16},"end":{"line":4,"column":17}},{"start":{"line":4,"column":22},"end":{"line":4,"column":33}}],"line":4},"3":{"loc":{"start":{"line":7,"column":32},"end":{"line":7,"column":115}},"type":"cond-expr","locations":[{"start":{"line":7,"column":46},"end":{"line":7,"column":67}},{"start":{"line":7,"column":70},"end":{"line":7,"column":115}}],"line":7},"4":{"loc":{"start":{"line":8,"column":51},"end":{"line":8,"column":67}},"type":"binary-expr","locations":[{"start":{"line":8,"column":51},"end":{"line":8,"column":61}},{"start":{"line":8,"column":65},"end":{"line":8,"column":67}}],"line":8},"5":{"loc":{"start":{"line":11,"column":18},"end":{"line":37,"column":1}},"type":"binary-expr","locations":[{"start":{"line":11,"column":19},"end":{"line":11,"column":23}},{"start":{"line":11,"column":27},"end":{"line":11,"column":43}},{"start":{"line":11,"column":48},"end":{"line":37,"column":1}}],"line":11},"6":{"loc":{"start":{"line":12,"column":43},"end":{"line":12,"column":68}},"type":"if","locations":[{"start":{"line":12,"column":43},"end":{"line":12,"column":68}},{"start":{},"end":{}}],"line":12},"7":{"loc":{"start":{"line":13,"column":71},"end":{"line":13,"column":153}},"type":"binary-expr","locations":[{"start":{"line":13,"column":71},"end":{"line":13,"column":99}},{"start":{"line":13,"column":104},"end":{"line":13,"column":152}}],"line":13},"8":{"loc":{"start":{"line":16,"column":8},"end":{"line":16,"column":70}},"type":"if","locations":[{"start":{"line":16,"column":8},"end":{"line":16,"column":70}},{"start":{},"end":{}}],"line":16},"9":{"loc":{"start":{"line":18,"column":12},"end":{"line":18,"column":169}},"type":"if","locations":[{"start":{"line":18,"column":12},"end":{"line":18,"column":169}},{"start":{},"end":{}}],"line":18},"10":{"loc":{"start":{"line":18,"column":23},"end":{"line":18,"column":158}},"type":"binary-expr","locations":[{"start":{"line":18,"column":23},"end":{"line":18,"column":24}},{"start":{"line":18,"column":29},"end":{"line":18,"column":125}},{"start":{"line":18,"column":130},"end":{"line":18,"column":158}}],"line":18},"11":{"loc":{"start":{"line":18,"column":33},"end":{"line":18,"column":125}},"type":"cond-expr","locations":[{"start":{"line":18,"column":45},"end":{"line":18,"column":56}},{"start":{"line":18,"column":59},"end":{"line":18,"column":125}}],"line":18},"12":{"loc":{"start":{"line":18,"column":59},"end":{"line":18,"column":125}},"type":"cond-expr","locations":[{"start":{"line":18,"column":67},"end":{"line":18,"column":116}},{"start":{"line":18,"column":119},"end":{"line":18,"column":125}}],"line":18},"13":{"loc":{"start":{"line":18,"column":67},"end":{"line":18,"column":116}},"type":"binary-expr","locations":[{"start":{"line":18,"column":67},"end":{"line":18,"column":77}},{"start":{"line":18,"column":82},"end":{"line":18,"column":115}}],"line":18},"14":{"loc":{"start":{"line":18,"column":82},"end":{"line":18,"column":112}},"type":"binary-expr","locations":[{"start":{"line":18,"column":83},"end":{"line":18,"column":98}},{"start":{"line":18,"column":103},"end":{"line":18,"column":112}}],"line":18},"15":{"loc":{"start":{"line":19,"column":12},"end":{"line":19,"column":52}},"type":"if","locations":[{"start":{"line":19,"column":12},"end":{"line":19,"column":52}},{"start":{},"end":{}}],"line":19},"16":{"loc":{"start":{"line":20,"column":12},"end":{"line":32,"column":13}},"type":"switch","locations":[{"start":{"line":21,"column":16},"end":{"line":21,"column":23}},{"start":{"line":21,"column":24},"end":{"line":21,"column":46}},{"start":{"line":22,"column":16},"end":{"line":22,"column":72}},{"start":{"line":23,"column":16},"end":{"line":23,"column":65}},{"start":{"line":24,"column":16},"end":{"line":24,"column":65}},{"start":{"line":25,"column":16},"end":{"line":31,"column":43}}],"line":20},"17":{"loc":{"start":{"line":26,"column":20},"end":{"line":26,"column":128}},"type":"if","locations":[{"start":{"line":26,"column":20},"end":{"line":26,"column":128}},{"start":{},"end":{}}],"line":26},"18":{"loc":{"start":{"line":26,"column":24},"end":{"line":26,"column":106}},"type":"binary-expr","locations":[{"start":{"line":26,"column":24},"end":{"line":26,"column":74}},{"start":{"line":26,"column":79},"end":{"line":26,"column":90}},{"start":{"line":26,"column":94},"end":{"line":26,"column":105}}],"line":26},"19":{"loc":{"start":{"line":26,"column":42},"end":{"line":26,"column":73}},"type":"binary-expr","locations":[{"start":{"line":26,"column":42},"end":{"line":26,"column":54}},{"start":{"line":26,"column":58},"end":{"line":26,"column":73}}],"line":26},"20":{"loc":{"start":{"line":27,"column":20},"end":{"line":27,"column":106}},"type":"if","locations":[{"start":{"line":27,"column":20},"end":{"line":27,"column":106}},{"start":{},"end":{}}],"line":27},"21":{"loc":{"start":{"line":27,"column":24},"end":{"line":27,"column":77}},"type":"binary-expr","locations":[{"start":{"line":27,"column":24},"end":{"line":27,"column":35}},{"start":{"line":27,"column":40},"end":{"line":27,"column":42}},{"start":{"line":27,"column":47},"end":{"line":27,"column":59}},{"start":{"line":27,"column":63},"end":{"line":27,"column":75}}],"line":27},"22":{"loc":{"start":{"line":28,"column":20},"end":{"line":28,"column":89}},"type":"if","locations":[{"start":{"line":28,"column":20},"end":{"line":28,"column":89}},{"start":{},"end":{}}],"line":28},"23":{"loc":{"start":{"line":28,"column":24},"end":{"line":28,"column":53}},"type":"binary-expr","locations":[{"start":{"line":28,"column":24},"end":{"line":28,"column":35}},{"start":{"line":28,"column":39},"end":{"line":28,"column":53}}],"line":28},"24":{"loc":{"start":{"line":29,"column":20},"end":{"line":29,"column":87}},"type":"if","locations":[{"start":{"line":29,"column":20},"end":{"line":29,"column":87}},{"start":{},"end":{}}],"line":29},"25":{"loc":{"start":{"line":29,"column":24},"end":{"line":29,"column":43}},"type":"binary-expr","locations":[{"start":{"line":29,"column":24},"end":{"line":29,"column":25}},{"start":{"line":29,"column":29},"end":{"line":29,"column":43}}],"line":29},"26":{"loc":{"start":{"line":30,"column":20},"end":{"line":30,"column":42}},"type":"if","locations":[{"start":{"line":30,"column":20},"end":{"line":30,"column":42}},{"start":{},"end":{}}],"line":30},"27":{"loc":{"start":{"line":35,"column":8},"end":{"line":35,"column":35}},"type":"if","locations":[{"start":{"line":35,"column":8},"end":{"line":35,"column":35}},{"start":{},"end":{}}],"line":35},"28":{"loc":{"start":{"line":35,"column":52},"end":{"line":35,"column":74}},"type":"cond-expr","locations":[{"start":{"line":35,"column":60},"end":{"line":35,"column":65}},{"start":{"line":35,"column":68},"end":{"line":35,"column":74}}],"line":35},"29":{"loc":{"start":{"line":38,"column":22},"end":{"line":40,"column":1}},"type":"binary-expr","locations":[{"start":{"line":38,"column":23},"end":{"line":38,"column":27}},{"start":{"line":38,"column":31},"end":{"line":38,"column":51}},{"start":{"line":38,"column":56},"end":{"line":40,"column":1}}],"line":38},"30":{"loc":{"start":{"line":39,"column":11},"end":{"line":39,"column":61}},"type":"cond-expr","locations":[{"start":{"line":39,"column":37},"end":{"line":39,"column":40}},{"start":{"line":39,"column":43},"end":{"line":39,"column":61}}],"line":39},"31":{"loc":{"start":{"line":39,"column":12},"end":{"line":39,"column":33}},"type":"binary-expr","locations":[{"start":{"line":39,"column":12},"end":{"line":39,"column":15}},{"start":{"line":39,"column":19},"end":{"line":39,"column":33}}],"line":39},"32":{"loc":{"start":{"line":50,"column":16},"end":{"line":58,"column":17}},"type":"switch","locations":[{"start":{"line":51,"column":20},"end":{"line":54,"column":94}},{"start":{"line":55,"column":20},"end":{"line":57,"column":52}}],"line":50}},"s":{"0":1,"1":1,"2":0,"3":1,"4":1,"5":1,"6":0,"7":0,"8":0,"9":0,"10":2,"11":1,"12":1,"13":1,"14":1,"15":0,"16":1,"17":1,"18":0,"19":3,"20":2,"21":2,"22":0,"23":2,"24":4,"25":4,"26":0,"27":4,"28":0,"29":4,"30":2,"31":2,"32":1,"33":1,"34":0,"35":0,"36":0,"37":0,"38":0,"39":0,"40":0,"41":1,"42":1,"43":1,"44":0,"45":0,"46":0,"47":0,"48":0,"49":0,"50":0,"51":0,"52":0,"53":0,"54":0,"55":0,"56":0,"57":0,"58":0,"59":2,"60":0,"61":0,"62":4,"63":1,"64":0,"65":1,"66":1,"67":1,"68":1,"69":1,"70":1,"71":1,"72":1,"73":1,"74":1,"75":1,"76":2,"77":1,"78":1,"79":1,"80":1,"81":1,"82":1,"83":1},"f":{"0":1,"1":1,"2":0,"3":1,"4":1,"5":0,"6":2,"7":1,"8":1,"9":0,"10":3,"11":2,"12":2,"13":1,"14":1,"15":1,"16":1,"17":1,"18":2},"b":{"0":[1,1,1],"1":[1,0],"2":[1,1],"3":[1,1],"4":[1,1],"5":[1,1,1],"6":[0,1],"7":[1,1],"8":[0,2],"9":[0,4],"10":[4,0,0],"11":[0,0],"12":[0,0],"13":[0,0],"14":[0,0],"15":[0,4],"16":[2,2,1,0,0,1],"17":[1,0],"18":[1,1,1],"19":[1,0],"20":[0,0],"21":[0,0,0,0],"22":[0,0],"23":[0,0],"24":[0,0],"25":[0,0],"26":[0,0],"27":[0,1],"28":[1,0],"29":[1,1,1],"30":[1,0],"31":[1,1],"32":[1,1]},"inputSourceMap":null,"_coverageSchema":"1a1c01bbd47fc00a2c39e90264f33305004495a9","hash":"fc3a48d68c2d6a97d2167edb2d77d301ef61e0d5"}
,"C:\\Users\\software engineer\\Desktop\\ImmFly\\ImmFly\\build\\app\\controller\\country\\country.controller.js": {"path":"C:\\Users\\software engineer\\Desktop\\ImmFly\\ImmFly\\build\\app\\controller\\country\\country.controller.js","statementMap":{"0":{"start":{"line":2,"column":16},"end":{"line":10,"column":1}},"1":{"start":{"line":3,"column":28},"end":{"line":3,"column":110}},"2":{"start":{"line":3,"column":91},"end":{"line":3,"column":106}},"3":{"start":{"line":4,"column":4},"end":{"line":9,"column":7}},"4":{"start":{"line":5,"column":36},"end":{"line":5,"column":97}},"5":{"start":{"line":5,"column":42},"end":{"line":5,"column":70}},"6":{"start":{"line":5,"column":85},"end":{"line":5,"column":95}},"7":{"start":{"line":6,"column":35},"end":{"line":6,"column":100}},"8":{"start":{"line":6,"column":41},"end":{"line":6,"column":73}},"9":{"start":{"line":6,"column":88},"end":{"line":6,"column":98}},"10":{"start":{"line":7,"column":32},"end":{"line":7,"column":116}},"11":{"start":{"line":8,"column":8},"end":{"line":8,"column":78}},"12":{"start":{"line":11,"column":18},"end":{"line":37,"column":1}},"13":{"start":{"line":12,"column":12},"end":{"line":12,"column":104}},"14":{"start":{"line":12,"column":43},"end":{"line":12,"column":68}},"15":{"start":{"line":12,"column":57},"end":{"line":12,"column":68}},"16":{"start":{"line":12,"column":69},"end":{"line":12,"column":81}},"17":{"start":{"line":13,"column":4},"end":{"line":13,"column":157}},"18":{"start":{"line":13,"column":138},"end":{"line":13,"column":150}},"19":{"start":{"line":14,"column":23},"end":{"line":14,"column":68}},"20":{"start":{"line":14,"column":45},"end":{"line":14,"column":65}},"21":{"start":{"line":16,"column":8},"end":{"line":16,"column":70}},"22":{"start":{"line":16,"column":15},"end":{"line":16,"column":70}},"23":{"start":{"line":17,"column":8},"end":{"line":34,"column":66}},"24":{"start":{"line":17,"column":18},"end":{"line":34,"column":66}},"25":{"start":{"line":18,"column":12},"end":{"line":18,"column":169}},"26":{"start":{"line":18,"column":160},"end":{"line":18,"column":169}},"27":{"start":{"line":19,"column":12},"end":{"line":19,"column":52}},"28":{"start":{"line":19,"column":26},"end":{"line":19,"column":52}},"29":{"start":{"line":20,"column":12},"end":{"line":32,"column":13}},"30":{"start":{"line":21,"column":32},"end":{"line":21,"column":39}},"31":{"start":{"line":21,"column":40},"end":{"line":21,"column":46}},"32":{"start":{"line":22,"column":24},"end":{"line":22,"column":34}},"33":{"start":{"line":22,"column":35},"end":{"line":22,"column":72}},"34":{"start":{"line":23,"column":24},"end":{"line":23,"column":34}},"35":{"start":{"line":23,"column":35},"end":{"line":23,"column":45}},"36":{"start":{"line":23,"column":46},"end":{"line":23,"column":55}},"37":{"start":{"line":23,"column":56},"end":{"line":23,"column":65}},"38":{"start":{"line":24,"column":24},"end":{"line":24,"column":41}},"39":{"start":{"line":24,"column":42},"end":{"line":24,"column":55}},"40":{"start":{"line":24,"column":56},"end":{"line":24,"column":65}},"41":{"start":{"line":26,"column":20},"end":{"line":26,"column":128}},"42":{"start":{"line":26,"column":110},"end":{"line":26,"column":116}},"43":{"start":{"line":26,"column":117},"end":{"line":26,"column":126}},"44":{"start":{"line":27,"column":20},"end":{"line":27,"column":106}},"45":{"start":{"line":27,"column":81},"end":{"line":27,"column":97}},"46":{"start":{"line":27,"column":98},"end":{"line":27,"column":104}},"47":{"start":{"line":28,"column":20},"end":{"line":28,"column":89}},"48":{"start":{"line":28,"column":57},"end":{"line":28,"column":72}},"49":{"start":{"line":28,"column":73},"end":{"line":28,"column":80}},"50":{"start":{"line":28,"column":81},"end":{"line":28,"column":87}},"51":{"start":{"line":29,"column":20},"end":{"line":29,"column":87}},"52":{"start":{"line":29,"column":47},"end":{"line":29,"column":62}},"53":{"start":{"line":29,"column":63},"end":{"line":29,"column":78}},"54":{"start":{"line":29,"column":79},"end":{"line":29,"column":85}},"55":{"start":{"line":30,"column":20},"end":{"line":30,"column":42}},"56":{"start":{"line":30,"column":30},"end":{"line":30,"column":42}},"57":{"start":{"line":31,"column":20},"end":{"line":31,"column":33}},"58":{"start":{"line":31,"column":34},"end":{"line":31,"column":43}},"59":{"start":{"line":33,"column":12},"end":{"line":33,"column":39}},"60":{"start":{"line":34,"column":22},"end":{"line":34,"column":34}},"61":{"start":{"line":34,"column":35},"end":{"line":34,"column":41}},"62":{"start":{"line":34,"column":54},"end":{"line":34,"column":64}},"63":{"start":{"line":35,"column":8},"end":{"line":35,"column":35}},"64":{"start":{"line":35,"column":23},"end":{"line":35,"column":35}},"65":{"start":{"line":35,"column":36},"end":{"line":35,"column":89}},"66":{"start":{"line":38,"column":22},"end":{"line":40,"column":1}},"67":{"start":{"line":39,"column":4},"end":{"line":39,"column":62}},"68":{"start":{"line":41,"column":0},"end":{"line":41,"column":62}},"69":{"start":{"line":42,"column":15},"end":{"line":42,"column":38}},"70":{"start":{"line":43,"column":16},"end":{"line":43,"column":66}},"71":{"start":{"line":44,"column":35},"end":{"line":63,"column":3}},"72":{"start":{"line":46,"column":20},"end":{"line":46,"column":24}},"73":{"start":{"line":47,"column":8},"end":{"line":60,"column":15}},"74":{"start":{"line":47,"column":70},"end":{"line":60,"column":11}},"75":{"start":{"line":49,"column":12},"end":{"line":59,"column":15}},"76":{"start":{"line":50,"column":16},"end":{"line":58,"column":17}},"77":{"start":{"line":52,"column":24},"end":{"line":52,"column":50}},"78":{"start":{"line":53,"column":24},"end":{"line":53,"column":48}},"79":{"start":{"line":54,"column":24},"end":{"line":54,"column":92}},"80":{"start":{"line":56,"column":24},"end":{"line":56,"column":41}},"81":{"start":{"line":57,"column":24},"end":{"line":57,"column":52}},"82":{"start":{"line":62,"column":4},"end":{"line":62,"column":25}},"83":{"start":{"line":64,"column":0},"end":{"line":64,"column":38}}},"fnMap":{"0":{"name":"(anonymous_0)","decl":{"start":{"line":2,"column":44},"end":{"line":2,"column":45}},"loc":{"start":{"line":2,"column":89},"end":{"line":10,"column":1}},"line":2},"1":{"name":"adopt","decl":{"start":{"line":3,"column":13},"end":{"line":3,"column":18}},"loc":{"start":{"line":3,"column":26},"end":{"line":3,"column":112}},"line":3},"2":{"name":"(anonymous_2)","decl":{"start":{"line":3,"column":70},"end":{"line":3,"column":71}},"loc":{"start":{"line":3,"column":89},"end":{"line":3,"column":108}},"line":3},"3":{"name":"(anonymous_3)","decl":{"start":{"line":4,"column":36},"end":{"line":4,"column":37}},"loc":{"start":{"line":4,"column":63},"end":{"line":9,"column":5}},"line":4},"4":{"name":"fulfilled","decl":{"start":{"line":5,"column":17},"end":{"line":5,"column":26}},"loc":{"start":{"line":5,"column":34},"end":{"line":5,"column":99}},"line":5},"5":{"name":"rejected","decl":{"start":{"line":6,"column":17},"end":{"line":6,"column":25}},"loc":{"start":{"line":6,"column":33},"end":{"line":6,"column":102}},"line":6},"6":{"name":"step","decl":{"start":{"line":7,"column":17},"end":{"line":7,"column":21}},"loc":{"start":{"line":7,"column":30},"end":{"line":7,"column":118}},"line":7},"7":{"name":"(anonymous_7)","decl":{"start":{"line":11,"column":48},"end":{"line":11,"column":49}},"loc":{"start":{"line":11,"column":73},"end":{"line":37,"column":1}},"line":11},"8":{"name":"(anonymous_8)","decl":{"start":{"line":12,"column":30},"end":{"line":12,"column":31}},"loc":{"start":{"line":12,"column":41},"end":{"line":12,"column":83}},"line":12},"9":{"name":"(anonymous_9)","decl":{"start":{"line":13,"column":125},"end":{"line":13,"column":126}},"loc":{"start":{"line":13,"column":136},"end":{"line":13,"column":152}},"line":13},"10":{"name":"verb","decl":{"start":{"line":14,"column":13},"end":{"line":14,"column":17}},"loc":{"start":{"line":14,"column":21},"end":{"line":14,"column":70}},"line":14},"11":{"name":"(anonymous_11)","decl":{"start":{"line":14,"column":30},"end":{"line":14,"column":31}},"loc":{"start":{"line":14,"column":43},"end":{"line":14,"column":67}},"line":14},"12":{"name":"step","decl":{"start":{"line":15,"column":13},"end":{"line":15,"column":17}},"loc":{"start":{"line":15,"column":22},"end":{"line":36,"column":5}},"line":15},"13":{"name":"(anonymous_13)","decl":{"start":{"line":38,"column":56},"end":{"line":38,"column":57}},"loc":{"start":{"line":38,"column":71},"end":{"line":40,"column":1}},"line":38},"14":{"name":"(anonymous_14)","decl":{"start":{"line":44,"column":35},"end":{"line":44,"column":36}},"loc":{"start":{"line":44,"column":47},"end":{"line":63,"column":1}},"line":44},"15":{"name":"GetController","decl":{"start":{"line":45,"column":13},"end":{"line":45,"column":26}},"loc":{"start":{"line":45,"column":29},"end":{"line":61,"column":5}},"line":45},"16":{"name":"(anonymous_16)","decl":{"start":{"line":47,"column":48},"end":{"line":47,"column":49}},"loc":{"start":{"line":47,"column":68},"end":{"line":60,"column":13}},"line":47},"17":{"name":"(anonymous_17)","decl":{"start":{"line":47,"column":110},"end":{"line":47,"column":111}},"loc":{"start":{"line":47,"column":122},"end":{"line":60,"column":9}},"line":47},"18":{"name":"(anonymous_18)","decl":{"start":{"line":49,"column":37},"end":{"line":49,"column":38}},"loc":{"start":{"line":49,"column":51},"end":{"line":59,"column":13}},"line":49}},"branchMap":{"0":{"loc":{"start":{"line":2,"column":16},"end":{"line":10,"column":1}},"type":"binary-expr","locations":[{"start":{"line":2,"column":17},"end":{"line":2,"column":21}},{"start":{"line":2,"column":25},"end":{"line":2,"column":39}},{"start":{"line":2,"column":44},"end":{"line":10,"column":1}}],"line":2},"1":{"loc":{"start":{"line":3,"column":35},"end":{"line":3,"column":109}},"type":"cond-expr","locations":[{"start":{"line":3,"column":56},"end":{"line":3,"column":61}},{"start":{"line":3,"column":64},"end":{"line":3,"column":109}}],"line":3},"2":{"loc":{"start":{"line":4,"column":16},"end":{"line":4,"column":34}},"type":"binary-expr","locations":[{"start":{"line":4,"column":16},"end":{"line":4,"column":17}},{"start":{"line":4,"column":22},"end":{"line":4,"column":33}}],"line":4},"3":{"loc":{"start":{"line":7,"column":32},"end":{"line":7,"column":115}},"type":"cond-expr","locations":[{"start":{"line":7,"column":46},"end":{"line":7,"column":67}},{"start":{"line":7,"column":70},"end":{"line":7,"column":115}}],"line":7},"4":{"loc":{"start":{"line":8,"column":51},"end":{"line":8,"column":67}},"type":"binary-expr","locations":[{"start":{"line":8,"column":51},"end":{"line":8,"column":61}},{"start":{"line":8,"column":65},"end":{"line":8,"column":67}}],"line":8},"5":{"loc":{"start":{"line":11,"column":18},"end":{"line":37,"column":1}},"type":"binary-expr","locations":[{"start":{"line":11,"column":19},"end":{"line":11,"column":23}},{"start":{"line":11,"column":27},"end":{"line":11,"column":43}},{"start":{"line":11,"column":48},"end":{"line":37,"column":1}}],"line":11},"6":{"loc":{"start":{"line":12,"column":43},"end":{"line":12,"column":68}},"type":"if","locations":[{"start":{"line":12,"column":43},"end":{"line":12,"column":68}},{"start":{},"end":{}}],"line":12},"7":{"loc":{"start":{"line":13,"column":71},"end":{"line":13,"column":153}},"type":"binary-expr","locations":[{"start":{"line":13,"column":71},"end":{"line":13,"column":99}},{"start":{"line":13,"column":104},"end":{"line":13,"column":152}}],"line":13},"8":{"loc":{"start":{"line":16,"column":8},"end":{"line":16,"column":70}},"type":"if","locations":[{"start":{"line":16,"column":8},"end":{"line":16,"column":70}},{"start":{},"end":{}}],"line":16},"9":{"loc":{"start":{"line":18,"column":12},"end":{"line":18,"column":169}},"type":"if","locations":[{"start":{"line":18,"column":12},"end":{"line":18,"column":169}},{"start":{},"end":{}}],"line":18},"10":{"loc":{"start":{"line":18,"column":23},"end":{"line":18,"column":158}},"type":"binary-expr","locations":[{"start":{"line":18,"column":23},"end":{"line":18,"column":24}},{"start":{"line":18,"column":29},"end":{"line":18,"column":125}},{"start":{"line":18,"column":130},"end":{"line":18,"column":158}}],"line":18},"11":{"loc":{"start":{"line":18,"column":33},"end":{"line":18,"column":125}},"type":"cond-expr","locations":[{"start":{"line":18,"column":45},"end":{"line":18,"column":56}},{"start":{"line":18,"column":59},"end":{"line":18,"column":125}}],"line":18},"12":{"loc":{"start":{"line":18,"column":59},"end":{"line":18,"column":125}},"type":"cond-expr","locations":[{"start":{"line":18,"column":67},"end":{"line":18,"column":116}},{"start":{"line":18,"column":119},"end":{"line":18,"column":125}}],"line":18},"13":{"loc":{"start":{"line":18,"column":67},"end":{"line":18,"column":116}},"type":"binary-expr","locations":[{"start":{"line":18,"column":67},"end":{"line":18,"column":77}},{"start":{"line":18,"column":82},"end":{"line":18,"column":115}}],"line":18},"14":{"loc":{"start":{"line":18,"column":82},"end":{"line":18,"column":112}},"type":"binary-expr","locations":[{"start":{"line":18,"column":83},"end":{"line":18,"column":98}},{"start":{"line":18,"column":103},"end":{"line":18,"column":112}}],"line":18},"15":{"loc":{"start":{"line":19,"column":12},"end":{"line":19,"column":52}},"type":"if","locations":[{"start":{"line":19,"column":12},"end":{"line":19,"column":52}},{"start":{},"end":{}}],"line":19},"16":{"loc":{"start":{"line":20,"column":12},"end":{"line":32,"column":13}},"type":"switch","locations":[{"start":{"line":21,"column":16},"end":{"line":21,"column":23}},{"start":{"line":21,"column":24},"end":{"line":21,"column":46}},{"start":{"line":22,"column":16},"end":{"line":22,"column":72}},{"start":{"line":23,"column":16},"end":{"line":23,"column":65}},{"start":{"line":24,"column":16},"end":{"line":24,"column":65}},{"start":{"line":25,"column":16},"end":{"line":31,"column":43}}],"line":20},"17":{"loc":{"start":{"line":26,"column":20},"end":{"line":26,"column":128}},"type":"if","locations":[{"start":{"line":26,"column":20},"end":{"line":26,"column":128}},{"start":{},"end":{}}],"line":26},"18":{"loc":{"start":{"line":26,"column":24},"end":{"line":26,"column":106}},"type":"binary-expr","locations":[{"start":{"line":26,"column":24},"end":{"line":26,"column":74}},{"start":{"line":26,"column":79},"end":{"line":26,"column":90}},{"start":{"line":26,"column":94},"end":{"line":26,"column":105}}],"line":26},"19":{"loc":{"start":{"line":26,"
[...]
15,"column":22},"end":{"line":36,"column":5}},"line":15},"13":{"name":"(anonymous_13)","decl":{"start":{"line":43,"column":35},"end":{"line":43,"column":36}},"loc":{"start":{"line":43,"column":47},"end":{"line":131,"column":1}},"line":43},"14":{"name":"CountryClient","decl":{"start":{"line":44,"column":13},"end":{"line":44,"column":26}},"loc":{"start":{"line":44,"column":29},"end":{"line":129,"column":5}},"line":44},"15":{"name":"(anonymous_15)","decl":{"start":{"line":46,"column":28},"end":{"line":46,"column":29}},"loc":{"start":{"line":46,"column":53},"end":{"line":87,"column":13}},"line":46},"16":{"name":"(anonymous_16)","decl":{"start":{"line":46,"column":95},"end":{"line":46,"column":96}},"loc":{"start":{"line":46,"column":107},"end":{"line":87,"column":9}},"line":46},"17":{"name":"(anonymous_17)","decl":{"start":{"line":48,"column":37},"end":{"line":48,"column":38}},"loc":{"start":{"line":48,"column":51},"end":{"line":86,"column":13}},"line":48},"18":{"name":"(anonymous_18)","decl":{"start":{"line":59,"column":49},"end":{"line":59,"column":50}},"loc":{"start":{"line":59,"column":73},"end":{"line":61,"column":33}},"line":59},"19":{"name":"(anonymous_19)","decl":{"start":{"line":65,"column":83},"end":{"line":65,"column":84}},"loc":{"start":{"line":65,"column":108},"end":{"line":67,"column":49}},"line":65},"20":{"name":"(anonymous_20)","decl":{"start":{"line":69,"column":83},"end":{"line":69,"column":84}},"loc":{"start":{"line":69,"column":108},"end":{"line":71,"column":49}},"line":69},"21":{"name":"(anonymous_21)","decl":{"start":{"line":88,"column":29},"end":{"line":88,"column":30}},"loc":{"start":{"line":88,"column":50},"end":{"line":104,"column":13}},"line":88},"22":{"name":"(anonymous_22)","decl":{"start":{"line":88,"column":92},"end":{"line":88,"column":93}},"loc":{"start":{"line":88,"column":104},"end":{"line":104,"column":9}},"line":88},"23":{"name":"(anonymous_23)","decl":{"start":{"line":90,"column":37},"end":{"line":90,"column":38}},"loc":{"start":{"line":90,"column":51},"end":{"line":103,"column":13}},"line":90},"24":{"name":"(anonymous_24)","decl":{"start":{"line":96,"column":49},"end":{"line":96,"column":50}},"loc":{"start":{"line":96,"column":68},"end":{"line":99,"column":21}},"line":96},"25":{"name":"(anonymous_25)","decl":{"start":{"line":105,"column":33},"end":{"line":105,"column":34}},"loc":{"start":{"line":105,"column":55},"end":{"line":128,"column":13}},"line":105},"26":{"name":"(anonymous_26)","decl":{"start":{"line":105,"column":97},"end":{"line":105,"column":98}},"loc":{"start":{"line":105,"column":109},"end":{"line":128,"column":9}},"line":105},"27":{"name":"(anonymous_27)","decl":{"start":{"line":107,"column":37},"end":{"line":107,"column":38}},"loc":{"start":{"line":107,"column":51},"end":{"line":127,"column":13}},"line":107}},"branchMap":{"0":{"loc":{"start":{"line":2,"column":16},"end":{"line":10,"column":1}},"type":"binary-expr","locations":[{"start":{"line":2,"column":17},"end":{"line":2,"column":21}},{"start":{"line":2,"column":25},"end":{"line":2,"column":39}},{"start":{"line":2,"column":44},"end":{"line":10,"column":1}}],"line":2},"1":{"loc":{"start":{"line":3,"column":35},"end":{"line":3,"column":109}},"type":"cond-expr","locations":[{"start":{"line":3,"column":56},"end":{"line":3,"column":61}},{"start":{"line":3,"column":64},"end":{"line":3,"column":109}}],"line":3},"2":{"loc":{"start":{"line":4,"column":16},"end":{"line":4,"column":34}},"type":"binary-expr","locations":[{"start":{"line":4,"column":16},"end":{"line":4,"column":17}},{"start":{"line":4,"column":22},"end":{"line":4,"column":33}}],"line":4},"3":{"loc":{"start":{"line":7,"column":32},"end":{"line":7,"column":115}},"type":"cond-expr","locations":[{"start":{"line":7,"column":46},"end":{"line":7,"column":67}},{"start":{"line":7,"column":70},"end":{"line":7,"column":115}}],"line":7},"4":{"loc":{"start":{"line":8,"column":51},"end":{"line":8,"column":67}},"type":"binary-expr","locations":[{"start":{"line":8,"column":51},"end":{"line":8,"column":61}},{"start":{"line":8,"column":65},"end":{"line":8,"column":67}}],"line":8},"5":{"loc":{"start":{"line":11,"column":18},"end":{"line":37,"column":1}},"type":"binary-expr","locations":[{"start":{"line":11,"column":19},"end":{"line":11,"column":23}},{"start":{"line":11,"column":27},"end":{"line":11,"column":43}},{"start":{"line":11,"column":48},"end":{"line":37,"column":1}}],"line":11},"6":{"loc":{"start":{"line":12,"column":43},"end":{"line":12,"column":68}},"type":"if","locations":[{"start":{"line":12,"column":43},"end":{"line":12,"column":68}},{"start":{},"end":{}}],"line":12},"7":{"loc":{"start":{"line":13,"column":71},"end":{"line":13,"column":153}},"type":"binary-expr","locations":[{"start":{"line":13,"column":71},"end":{"line":13,"column":99}},{"start":{"line":13,"column":104},"end":{"line":13,"column":152}}],"line":13},"8":{"loc":{"start":{"line":16,"column":8},"end":{"line":16,"column":70}},"type":"if","locations":[{"start":{"line":16,"column":8},"end":{"line":16,"column":70}},{"start":{},"end":{}}],"line":16},"9":{"loc":{"start":{"line":18,"column":12},"end":{"line":18,"column":169}},"type":"if","locations":[{"start":{"line":18,"column":12},"end":{"line":18,"column":169}},{"start":{},"end":{}}],"line":18},"10":{"loc":{"start":{"line":18,"column":23},"end":{"line":18,"column":158}},"type":"binary-expr","locations":[{"start":{"line":18,"column":23},"end":{"line":18,"column":24}},{"start":{"line":18,"column":29},"end":{"line":18,"column":125}},{"start":{"line":18,"column":130},"end":{"line":18,"column":158}}],"line":18},"11":{"loc":{"start":{"line":18,"column":33},"end":{"line":18,"column":125}},"type":"cond-expr","locations":[{"start":{"line":18,"column":45},"end":{"line":18,"column":56}},{"start":{"line":18,"column":59},"end":{"line":18,"column":125}}],"line":18},"12":{"loc":{"start":{"line":18,"column":59},"end":{"line":18,"column":125}},"type":"cond-expr","locations":[{"start":{"line":18,"column":67},"end":{"line":18,"column":116}},{"start":{"line":18,"column":119},"end":{"line":18,"column":125}}],"line":18},"13":{"loc":{"start":{"line":18,"column":67},"end":{"line":18,"column":116}},"type":"binary-expr","locations":[{"start":{"line":18,"column":67},"end":{"line":18,"column":77}},{"start":{"line":18,"column":82},"end":{"line":18,"column":115}}],"line":18},"14":{"loc":{"start":{"line":18,"column":82},"end":{"line":18,"column":112}},"type":"binary-expr","locations":[{"start":{"line":18,"column":83},"end":{"line":18,"column":98}},{"start":{"line":18,"column":103},"end":{"line":18,"column":112}}],"line":18},"15":{"loc":{"start":{"line":19,"column":12},"end":{"line":19,"column":52}},"type":"if","locations":[{"start":{"line":19,"column":12},"end":{"line":19,"column":52}},{"start":{},"end":{}}],"line":19},"16":{"loc":{"start":{"line":20,"column":12},"end":{"line":32,"column":13}},"type":"switch","locations":[{"start":{"line":21,"column":16},"end":{"line":21,"column":23}},{"start":{"line":21,"column":24},"end":{"line":21,"column":46}},{"start":{"line":22,"column":16},"end":{"line":22,"column":72}},{"start":{"line":23,"column":16},"end":{"line":23,"column":65}},{"start":{"line":24,"column":16},"end":{"line":24,"column":65}},{"start":{"line":25,"column":16},"end":{"line":31,"column":43}}],"line":20},"17":{"loc":{"start":{"line":26,"column":20},"end":{"line":26,"column":128}},"type":"if","locations":[{"start":{"line":26,"column":20},"end":{"line":26,"column":128}},{"start":{},"end":{}}],"line":26},"18":{"loc":{"start":{"line":26,"column":24},"end":{"line":26,"column":106}},"type":"binary-expr","locations":[{"start":{"line":26,"column":24},"end":{"line":26,"column":74}},{"start":{"line":26,"column":79},"end":{"line":26,"column":90}},{"start":{"line":26,"column":94},"end":{"line":26,"column":105}}],"line":26},"19":{"loc":{"start":{"line":26,"column":42},"end":{"line":26,"column":73}},"type":"binary-expr","locations":[{"start":{"line":26,"column":42},"end":{"line":26,"column":54}},{"start":{"line":26,"column":58},"end":{"line":26,"column":73}}],"line":26},"20":{"loc":{"start":{"line":27,"column":20},"end":{"line":27,"column":106}},"type":"if","locations":[{"start":{"line":27,"column":20},"end":{"line":27,"column":106}},{"start":{},"end":{}}],"line":27},"21":{"loc":{"start":{"line":27,"column":24},"end":{"line":27,"column":77}},"type":"binary-expr","locations":[{"start":{"line":27,"column":24},"end":{"line":27,"column":35}},{"start":{"line":27,"column":40},"end":{"line":27,"column":42}},{"start":{"line":27,"column":47},"end":{"line":27,"column":59}},{"start":{"line":27,"column":63},"end":{"line":27,"column":75}}],"line":27},"22":{"loc":{"start":{"line":28,"column":20},"end":{"line":28,"column":89}},"type":"if","locations":[{"start":{"line":28,"column":20},"end":{"line":28,"column":89}},{"start":{},"end":{}}],"line":28},"23":{"loc":{"start":{"line":28,"column":24},"end":{"line":28,"column":53}},"type":"binary-expr","locations":[{"start":{"line":28,"column":24},"end":{"line":28,"column":35}},{"start":{"line":28,"column":39},"end":{"line":28,"column":53}}],"line":28},"24":{"loc":{"start":{"line":29,"column":20},"end":{"line":29,"column":87}},"type":"if","locations":[{"start":{"line":29,"column":20},"end":{"line":29,"column":87}},{"start":{},"end":{}}],"line":29},"25":{"loc":{"start":{"line":29,"column":24},"end":{"line":29,"column":43}},"type":"binary-expr","locations":[{"start":{"line":29,"column":24},"end":{"line":29,"column":25}},{"start":{"line":29,"column":29},"end":{"line":29,"column":43}}],"line":29},"26":{"loc":{"start":{"line":30,"column":20},"end":{"line":30,"column":42}},"type":"if","locations":[{"start":{"line":30,"column":20},"end":{"line":30,"column":42}},{"start":{},"end":{}}],"line":30},"27":{"loc":{"start":{"line":35,"column":8},"end":{"line":35,"column":35}},"type":"if","locations":[{"start":{"line":35,"column":8},"end":{"line":35,"column":35}},{"start":{},"end":{}}],"line":35},"28":{"loc":{"start":{"line":35,"column":52},"end":{"line":35,"column":74}},"type":"cond-expr","locations":[{"start":{"line":35,"column":60},"end":{"line":35,"column":65}},{"start":{"line":35,"column":68},"end":{"line":35,"column":74}}],"line":35},"29":{"loc":{"start":{"line":49,"column":16},"end":{"line":85,"column":17}},"type":"switch","locations":[{"start":{"line":50,"column":20},"end":{"line":50,"column":84}},{"start":{"line":51,"column":20},"end":{"line":84,"column":46}}],"line":49},"30":{"loc":{"start":{"line":53,"column":24},"end":{"line":83,"column":25}},"type":"if","locations":[{"start":{"line":53,"column":24},"end":{"line":83,"column":25}},{"start":{"line":56,"column":29},"end":{"line":83,"column":25}}],"line":53},"31":{"loc":{"start":{"line":57,"column":28},"end":{"line":82,"column":29}},"type":"if","locations":[{"start":{"line":57,"column":28},"end":{"line":82,"column":29}},{"start":{"line":80,"column":33},"end":{"line":82,"column":29}}],"line":57},"32":{"loc":{"start":{"line":57,"column":32},"end":{"line":57,"column":83}},"type":"binary-expr","locations":[{"start":{"line":57,"column":33},"end":{"line":57,"column":61}},{"start":{"line":57,"column":66},"end":{"line":57,"column":83}}],"line":57},"33":{"loc":{"start":{"line":60,"column":36},"end":{"line":60,"column":228}},"type":"cond-expr","locations":[{"start":{"line":60,"column":198},"end":{"line":60,"column":221}},{"start":{"line":60,"column":224},"end":{"line":60,"column":228}}],"line":60},"34":{"loc":{"start":{"line":60,"column":37},"end":{"line":60,"column":194}},"type":"binary-expr","locations":[{"start":{"line":60,"column":38},"end":{"line":60,"column":114}},{"start":{"line":60,"column":120},"end":{"line":60,"column":193}}],"line":60},"35":{"loc":{"start":{"line":60,"column":38},"end":{"line":60,"column":114}},"type":"cond-expr","locations":[{"start":{"line":60,"column":75},"end":{"line":60,"column":81}},{"start":{"line":60,"column":84},"end":{"line":60,"column":114}}],"line":60},"36":{"loc":{"start":{"line":60,"column":38},"end":{"line":60,"column":72}},"type":"binary-expr","locations":[{"start":{"line":60,"column":38},"end":{"line":60,"column":52}},{"start":{"line":60,"column":56},"end":{"line":60,"column":72}}],"line":60},"37":{"loc":{"start":{"line":60,"column":120},"end":{"line":60,"column":193}},"type":"cond-expr","locations":[{"start":{"line":60,"column":157},"end":{"line":60,"column":163}},{"start":{"line":60,"column":166},"end":{"line":60,"column":193}}],"line":60},"38":{"loc":{"start":{"line":60,"column":120},"end":{"line":60,"column":154}},"type":"binary-expr","locations":[{"start":{"line":60,"column":120},"end":{"line":60,"column":134}},{"start":{"line":60,"column":138},"end":{"line":60,"column":154}}],"line":60},"39":{"loc":{"start":{"line":62,"column":32},"end":{"line":78,"column":33}},"type":"if","locations":[{"start":{"line":62,"column":32},"end":{"line":78,"column":33}},{"start":{"line":76,"column":37},"end":{"line":78,"column":33}}],"line":62},"40":{"loc":{"start":{"line":62,"column":36},"end":{"line":62,"column":71}},"type":"binary-expr","locations":[{"start":{"line":62,"column":36},"end":{"line":62,"column":51}},{"start":{"line":62,"column":55},"end":{"line":62,"column":71}}],"line":62},"41":{"loc":{"start":{"line":63,"column":36},"end":{"line":74,"column":37}},"type":"switch","locations":[{"start":{"line":64,"column":40},"end":{"line":67,"column":52}},{"start":{"line":68,"column":40},"end":{"line":71,"column":52}},{"start":{"line":72,"column":40},"end":{"line":73,"column":79}}],"line":63},"42":{"loc":{"start":{"line":70,"column":59},"end":{"line":70,"column":90}},"type":"cond-expr","locations":[{"start":{"line":70,"column":84},"end":{"line":70,"column":86}},{"start":{"line":70,"column":89},"end":{"line":70,"column":90}}],"line":70},"43":{"loc":{"start":{"line":92,"column":16},"end":{"line":101,"column":17}},"type":"if","locations":[{"start":{"line":92,"column":16},"end":{"line":101,"column":17}},{"start":{},"end":{}}],"line":92},"44":{"loc":{"start":{"line":97,"column":24},"end":{"line":97,"column":112}},"type":"cond-expr","locations":[{"start":{"line":97,"column":71},"end":{"line":97,"column":102}},{"start":{"line":97,"column":105},"end":{"line":97,"column":112}}],"line":97},"45":{"loc":{"start":{"line":109,"column":16},"end":{"line":110,"column":92}},"type":"if","locations":[{"start":{"line":109,"column":16},"end":{"line":110,"column":92}},{"start":{},"end":{}}],"line":109},"46":{"loc":{"start":{"line":109,"column":20},"end":{"line":109,"column":34}},"type":"binary-expr","locations":[{"start":{"line":109,"column":20},"end":{"line":109,"column":26}},{"start":{"line":109,"column":30},"end":{"line":109,"column":34}}],"line":109},"47":{"loc":{"start":{"line":112,"column":16},"end":{"line":117,"column":17}},"type":"if","locations":[{"start":{"line":112,"column":16},"end":{"line":117,"column":17}},{"start":{},"end":{}}],"line":112},"48":{"loc":{"start":{"line":112,"column":20},"end":{"line":112,"column":118}},"type":"binary-expr","locations":[{"start":{"line":112,"column":21},"end":{"line":112,"column":48}},{"start":{"line":112,"column":52},"end":{"line":112,"column":68}},{"start":{"line":112,"column":74},"end":{"line":112,"column":99}},{"start":{"line":112,"column":103},"end":{"line":112,"column":117}}],"line":112},"49":{"loc":{"start":{"line":118,"column":16},"end":{"line":121,"column":17}},"type":"if","locations":[{"start":{"line":118,"column":16},"end":{"line":121,"column":17}},{"start":{},"end":{}}],"line":118},"50":{"loc":{"start":{"line":118,"column":20},"end":{"line":118,"column":69}},"type":"binary-expr","locations":[{"start":{"line":118,"column":21},"end":{"line":118,"column":48}},{"start":{"line":118,"column":53},"end":{"line":118,"column":69}}],"line":118},"51":{"loc":{"start":{"line":122,"column":16},"end":{"line":125,"column":17}},"type":"if","locations":[{"start":{"line":122,"column":16},"end":{"line":125,"column":17}},{"start":{},"end":{}}],"line":122},"52":{"loc":{"start":{"line":122,"column":21},"end":{"line":122,"column":64}},"type":"binary-expr","locations":[{"start":{"line":122,"column":21},"end":{"line":122,"column":46}},{"start":{"line":122,"column":50},"end":{"line":122,"column":64}}],"line":122}},"s":{"0":1,"1":1,"2":0,"3":3,"4":1,"5":1,"6":0,"7":0,"8":0,"9":0,"10":4,"11":3,"12":1,"13":3,"14":1,"15":0,"16":1,"17":3,"18":0,"19":9,"20":4,"21":4,"22":0,"23":4,"24":8,"25":8,"26":0,"27":8,"28":0,"29":8,"30":4,"31":4,"32":1,"33":1,"34":0,"35":0,"36":0,"37":0,"38":0,"39":0,"40":0,"41":3,"42":3,"43":3,"44":0,"45":0,"46":0,"47":0,"48":0,"49":0,"50":0,"51":0,"52":0,"53":0,"54":0,"55":0,"56":0,"57":0,"58":0,"59":4,"60":0,"61":0,"62":8,"63":3,"64":0,"65":3,"66":1,"67":1,"68":1,"69":1,"70":1,"71":1,"72":1,"73":1,"74":1,"75":1,"76":2,"77":1,"78":1,"79":1,"80":0,"81":1,"82":0,"83":0,"84":0,"85":0,"86":0,"87":0,"88":0,"89":0,"90":0,"91":0,"92":0,"93":1,"94":0,"95":1,"96":1,"97":1,"98":1,"99":1,"100":1,"101":1,"102":1,"103":1,"104":5,"105":5,"106":1,"107":0,"108":1,"109":1,"110":1,"111":1,"112":1,"113":0,"114":1,"115":1,"116":1,"117":1,"118":1,"119":1,"120":0,"121":0,"122":0,"123":0,"124":0,"125":0,"126":0,"127":1,"128":1},"f":{"0":3,"1":1,"2":0,"3":3,"4":1,"5":0,"6":4,"7":3,"8":1,"9":0,"10":9,"11":4,"12":4,"13":1,"14":1,"15":1,"16":1,"17":2,"18":0,"19":0,"20":0,"21":1,"22":1,"23":1,"24":5,"25":1,"26":1,"27":1},"b":{"0":[1,1,1],"1":[1,0],"2":[3,3],"3":[3,1],"4":[3,3],"5":[1,1,1],"6":[0,1],"7":[3,3],"8":[0,4],"9":[0,8],"10":[8,0,0],"11":[0,0],"12":[0,0],"13":[0,0],"14":[0,0],"15":[0,8],"16":[4,4,1,0,0,3],"17":[3,0],"18":[3,3,3],"19":[3,0],"20":[0,0],"21":[0,0,0,0],"22":[0,0],"23":[0,0],"24":[0,0],"25":[0,0],"26":[0,0],"27":[0,3],"28":[3,0],"29":[1,1],"30":[0,1],"31":[0,1],"32":[1,0],"33":[0,0],"34":[0,0],"35":[0,0],"36":[0,0],"37":[0,0],"38":[0,0],"39":[0,0],"40":[0,0],"41":[0,0,0],"42":[0,0],"43":[1,0],"44":[2,3],"45":[0,1],"46":[1,0],"47":[1,0],"48":[1,1,1,1],"49":[0,0],"50":[0,0],"51":[0,0],"52":[0,0]},"inputSourceMap":null,"_coverageSchema":"1a1c01bbd47fc00a2c39e90264f33305004495a9","hash":"9f25172d308740fe4cfe58b0189406641a0c14f9"}
,"C:\\Users\\software engineer\\Desktop\\ImmFly\\ImmFly\\immfly_backend_test\\build\\app\\services\\httpsClient.js": {"path":"C:\\Users\\software engineer\\Desktop\\ImmFly\\ImmFly\\immfly_backend_test\\build\\app\\services\\httpsClient.js","statementMap":{"0":{"start":{"line":2,"column":22},"end":{"line":4,"column":1}},"1":{"start":{"line":3,"column":4},"end":{"line":3,"column":62}},"2":{"start":{"line":5,"column":0},"end":{"line":5,"column":62}},"3":{"start":{"line":6,"column":0},"end":{"line":6,"column":28}},"4":{"start":{"line":7,"column":14},"end":{"line":7,"column":47}},"5":{"start":{"line":8,"column":14},"end":{"line":8,"column":43}},"6":{"start":{"line":9,"column":17},"end":{"line":14,"column":2}},"7":{"start":{"line":15,"column":0},"end":{"line":15,"column":32}}},"fnMap":{"0":{"name":"(anonymous_0)","decl":{"start":{"line":2,"column":56},"end":{"line":2,"column":57}},"loc":{"start":{"line":2,"column":71},"end":{"line":4,"column":1}},"line":2}},"branchMap":{"0":{"loc":{"start":{"line":2,"column":22},"end":{"line":4,"column":1}},"type":"binary-expr","locations":[{"start":{"line":2,"column":23},"end":{"line":2,"column":27}},{"start":{"line":2,"column":31},"end":{"line":2,"column":51}},{"start":{"line":2,"column":56},"end":{"line":4,"column":1}}],"line":2},"1":{"loc":{"start":{"line":3,"column":11},"end":{"line":3,"column":61}},"type":"cond-expr","locations":[{"start":{"line":3,"column":37},"end":{"line":3,"column":40}},{"start":{"line":3,"column":43},"end":{"line":3,"column":61}}],"line":3},"2":{"loc":{"start":{"line":3,"column":12},"end":{"line":3,"column":33}},"type":"binary-expr","locations":[{"start":{"line":3,"column":12},"end":{"line":3,"column":15}},{"start":{"line":3,"column":19},"end":{"line":3,"column":33}}],"line":3}},"s":{"0":1,"1":1,"2":1,"3":1,"4":1,"5":1,"6":1,"7":1},"f":{"0":1},"b":{"0":[1,1,1],"1":[0,1],"2":[1,1]},"inputSourceMap":null,"_coverageSchema":"1a1c01bbd47fc00a2c39e90264f33305004495a9","hash":"a043e54ea16c976271f6363f8e62634bd7734587"}
}
